Loading json containers...
Json container file load complete, listing database
Found 0 containers to add. Starting migration...
Database migration complete!
Samples should have an initual volume of 140ul
Adding 112 ul of Proteinase K/LBF to samples
Picking up tip from A1 of Opentrons 96 Tip Rack 300 µL on 8
Aspirating 20.0 uL from A1 of Reagents reservoir on 5 at 1.0 speed
Transferring 112.0 from A1 of Reagents reservoir on 5 to A1 of Deep well on Magnetic Module on 7
	Aspirating 112.0 uL from A1 of Reagents reservoir on 5 at 1.0 speed
	Dispensing 112.0 uL into A1 of Deep well on Magnetic Module on 7 at 1.0 speed
Delaying for 0 minutes and 2 seconds
Dispensing 20.0 uL into A1 of Deep well on Magnetic Module on 7 at 1.0 speed
Aspirating 20.0 uL from A1 of Deep well on Magnetic Module on 7 at 1.0 speed
Aspirating 40.0 uL from A1 of Deep well on Magnetic Module on 7 at 1.0 speed
Dispensing 40.0 uL into A1 of Deep well on Magnetic Module on 7 at 1.0 speed
Aspirating 40.0 uL from A1 of Deep well on Magnetic Module on 7 at 1.0 speed
Dispensing 40.0 uL into A1 of Deep well on Magnetic Module on 7 at 1.0 speed
Aspirating 40.0 uL from A1 of Deep well on Magnetic Module on 7 at 1.0 speed
Dispensing 40.0 uL into A1 of Deep well on Magnetic Module on 7 at 1.0 speed
Aspirating 40.0 uL from A1 of Deep well on Magnetic Module on 7 at 1.0 speed
Dispensing 40.0 uL into A1 of Deep well on Magnetic Module on 7 at 1.0 speed
Dispensing 20.0 uL into A1 of Deep well on Magnetic Module on 7 at 1.0 speed
Aspirating 20.0 uL from A1 of Deep well on Magnetic Module on 7 at 1.0 speed
Dropping tip into A1 of Opentrons Fixed Trash on 12
Picking up tip from A2 of Opentrons 96 Tip Rack 300 µL on 8
Aspirating 20.0 uL from A1 of Reagents reservoir on 5 at 1.0 speed
Transferring 112.0 from A1 of Reagents reservoir on 5 to A3 of Deep well on Magnetic Module on 7
	Aspirating 112.0 uL from A1 of Reagents reservoir on 5 at 1.0 speed
	Dispensing 112.0 uL into A3 of Deep well on Magnetic Module on 7 at 1.0 speed
Delaying for 0 minutes and 2 seconds
Dispensing 20.0 uL into A3 of Deep well on Magnetic Module on 7 at 1.0 speed
Aspirating 20.0 uL from A3 of Deep well on Magnetic Module on 7 at 1.0 speed
Aspirating 40.0 uL from A3 of Deep well on Magnetic Module on 7 at 1.0 speed
Dispensing 40.0 uL into A3 of Deep well on Magnetic Module on 7 at 1.0 speed
Aspirating 40.0 uL from A3 of Deep well on Magnetic Module on 7 at 1.0 speed
Dispensing 40.0 uL into A3 of Deep well on Magnetic Module on 7 at 1.0 speed
Aspirating 40.0 uL from A3 of Deep well on Magnetic Module on 7 at 1.0 speed
Dispensing 40.0 uL into A3 of Deep well on Magnetic Module on 7 at 1.0 speed
Aspirating 40.0 uL from A3 of Deep well on Magnetic Module on 7 at 1.0 speed
Dispensing 40.0 uL into A3 of Deep well on Magnetic Module on 7 at 1.0 speed
Dispensing 20.0 uL into A3 of Deep well on Magnetic Module on 7 at 1.0 speed
Aspirating 20.0 uL from A3 of Deep well on Magnetic Module on 7 at 1.0 speed
Dropping tip into A1 of Opentrons Fixed Trash on 12
Picking up tip from A3 of Opentrons 96 Tip Rack 300 µL on 8
Aspirating 20.0 uL from A1 of Reagents reservoir on 5 at 1.0 speed
Transferring 112.0 from A1 of Reagents reservoir on 5 to A5 of Deep well on Magnetic Module on 7
	Aspirating 112.0 uL from A1 of Reagents reservoir on 5 at 1.0 speed
	Dispensing 112.0 uL into A5 of Deep well on Magnetic Module on 7 at 1.0 speed
Delaying for 0 minutes and 2 seconds
Dispensing 20.0 uL into A5 of Deep well on Magnetic Module on 7 at 1.0 speed
Aspirating 20.0 uL from A5 of Deep well on Magnetic Module on 7 at 1.0 speed
Aspirating 40.0 uL from A5 of Deep well on Magnetic Module on 7 at 1.0 speed
Dispensing 40.0 uL into A5 of Deep well on Magnetic Module on 7 at 1.0 speed
Aspirating 40.0 uL from A5 of Deep well on Magnetic Module on 7 at 1.0 speed
Dispensing 40.0 uL into A5 of Deep well on Magnetic Module on 7 at 1.0 speed
Aspirating 40.0 uL from A5 of Deep well on Magnetic Module on 7 at 1.0 speed
Dispensing 40.0 uL into A5 of Deep well on Magnetic Module on 7 at 1.0 speed
Aspirating 40.0 uL from A5 of Deep well on Magnetic Module on 7 at 1.0 speed
Dispensing 40.0 uL into A5 of Deep well on Magnetic Module on 7 at 1.0 speed
Dispensing 20.0 uL into A5 of Deep well on Magnetic Module on 7 at 1.0 speed
Aspirating 20.0 uL from A5 of Deep well on Magnetic Module on 7 at 1.0 speed
Dropping tip into A1 of Opentrons Fixed Trash on 12
Picking up tip from A4 of Opentrons 96 Tip Rack 300 µL on 8
Aspirating 20.0 uL from A1 of Reagents reservoir on 5 at 1.0 speed
Transferring 112.0 from A1 of Reagents reservoir on 5 to A7 of Deep well on Magnetic Module on 7
	Aspirating 112.0 uL from A1 of Reagents reservoir on 5 at 1.0 speed
	Dispensing 112.0 uL into A7 of Deep well on Magnetic Module on 7 at 1.0 speed
Delaying for 0 minutes and 2 seconds
Dispensing 20.0 uL into A7 of Deep well on Magnetic Module on 7 at 1.0 speed
Aspirating 20.0 uL from A7 of Deep well on Magnetic Module on 7 at 1.0 speed
Aspirating 40.0 uL from A7 of Deep well on Magnetic Module on 7 at 1.0 speed
Dispensing 40.0 uL into A7 of Deep well on Magnetic Module on 7 at 1.0 speed
Aspirating 40.0 uL from A7 of Deep well on Magnetic Module on 7 at 1.0 speed
Dispensing 40.0 uL into A7 of Deep well on Magnetic Module on 7 at 1.0 speed
Aspirating 40.0 uL from A7 of Deep well on Magnetic Module on 7 at 1.0 speed
Dispensing 40.0 uL into A7 of Deep well on Magnetic Module on 7 at 1.0 speed
Aspirating 40.0 uL from A7 of Deep well on Magnetic Module on 7 at 1.0 speed
Dispensing 40.0 uL into A7 of Deep well on Magnetic Module on 7 at 1.0 speed
Dispensing 20.0 uL into A7 of Deep well on Magnetic Module on 7 at 1.0 speed
Aspirating 20.0 uL from A7 of Deep well on Magnetic Module on 7 at 1.0 speed
Dropping tip into A1 of Opentrons Fixed Trash on 12
Picking up tip from A5 of Opentrons 96 Tip Rack 300 µL on 8
Aspirating 20.0 uL from A1 of Reagents reservoir on 5 at 1.0 speed
Transferring 112.0 from A1 of Reagents reservoir on 5 to A9 of Deep well on Magnetic Module on 7
	Aspirating 112.0 uL from A1 of Reagents reservoir on 5 at 1.0 speed
	Dispensing 112.0 uL into A9 of Deep well on Magnetic Module on 7 at 1.0 speed
Delaying for 0 minutes and 2 seconds
Dispensing 20.0 uL into A9 of Deep well on Magnetic Module on 7 at 1.0 speed
Aspirating 20.0 uL from A9 of Deep well on Magnetic Module on 7 at 1.0 speed
Aspirating 40.0 uL from A9 of Deep well on Magnetic Module on 7 at 1.0 speed
Dispensing 40.0 uL into A9 of Deep well on Magnetic Module on 7 at 1.0 speed
Aspirating 40.0 uL from A9 of Deep well on Magnetic Module on 7 at 1.0 speed
Dispensing 40.0 uL into A9 of Deep well on Magnetic Module on 7 at 1.0 speed
Aspirating 40.0 uL from A9 of Deep well on Magnetic Module on 7 at 1.0 speed
Dispensing 40.0 uL into A9 of Deep well on Magnetic Module on 7 at 1.0 speed
Aspirating 40.0 uL from A9 of Deep well on Magnetic Module on 7 at 1.0 speed
Dispensing 40.0 uL into A9 of Deep well on Magnetic Module on 7 at 1.0 speed
Dispensing 20.0 uL into A9 of Deep well on Magnetic Module on 7 at 1.0 speed
Aspirating 20.0 uL from A9 of Deep well on Magnetic Module on 7 at 1.0 speed
Dropping tip into A1 of Opentrons Fixed Trash on 12
Picking up tip from A6 of Opentrons 96 Tip Rack 300 µL on 8
Aspirating 20.0 uL from A1 of Reagents reservoir on 5 at 1.0 speed
Transferring 112.0 from A1 of Reagents reservoir on 5 to A11 of Deep well on Magnetic Module on 7
	Aspirating 112.0 uL from A1 of Reagents reservoir on 5 at 1.0 speed
	Dispensing 112.0 uL into A11 of Deep well on Magnetic Module on 7 at 1.0 speed
Delaying for 0 minutes and 2 seconds
Dispensing 20.0 uL into A11 of Deep well on Magnetic Module on 7 at 1.0 speed
Aspirating 20.0 uL from A11 of Deep well on Magnetic Module on 7 at 1.0 speed
Aspirating 40.0 uL from A11 of Deep well on Magnetic Module on 7 at 1.0 speed
Dispensing 40.0 uL into A11 of Deep well on Magnetic Module on 7 at 1.0 speed
Aspirating 40.0 uL from A11 of Deep well on Magnetic Module on 7 at 1.0 speed
Dispensing 40.0 uL into A11 of Deep well on Magnetic Module on 7 at 1.0 speed
Aspirating 40.0 uL from A11 of Deep well on Magnetic Module on 7 at 1.0 speed
Dispensing 40.0 uL into A11 of Deep well on Magnetic Module on 7 at 1.0 speed
Aspirating 40.0 uL from A11 of Deep well on Magnetic Module on 7 at 1.0 speed
Dispensing 40.0 uL into A11 of Deep well on Magnetic Module on 7 at 1.0 speed
Dispensing 20.0 uL into A11 of Deep well on Magnetic Module on 7 at 1.0 speed
Aspirating 20.0 uL from A11 of Deep well on Magnetic Module on 7 at 1.0 speed
Dropping tip into A1 of Opentrons Fixed Trash on 12
Incubating for 10 minutes
Delaying for 10 minutes and 0 seconds
Enough incubation, time to do s t u f f
Picking up tip from A7 of Opentrons 96 Tip Rack 300 µL on 8
Mixing magnetic beads
Aspirating 20.0 uL from A2 of Reagents reservoir on 5 at 1.0 speed
Aspirating 100.0 uL from A2 of Reagents reservoir on 5 at 1.0 speed
Dispensing 100.0 uL into A2 of Reagents reservoir on 5 at 1.0 speed
Aspirating 100.0 uL from A2 of Reagents reservoir on 5 at 1.0 speed
Dispensing 100.0 uL into A2 of Reagents reservoir on 5 at 1.0 speed
Aspirating 100.0 uL from A2 of Reagents reservoir on 5 at 1.0 speed
Dispensing 100.0 uL into A2 of Reagents reservoir on 5 at 1.0 speed
Aspirating 100.0 uL from A2 of Reagents reservoir on 5 at 1.0 speed
Dispensing 100.0 uL into A2 of Reagents reservoir on 5 at 1.0 speed
Dispensing 20.0 uL into A2 of Reagents reservoir on 5 at 1.0 speed
Blowing out at A2 of Reagents reservoir on 5
Transfering 144 ul from beads to col A1
Aspirating 20.0 uL from A2 of Reagents reservoir on 5 at 1.0 speed
Transferring 144.0 from A2 of Reagents reservoir on 5 to A1 of Deep well on Magnetic Module on 7
	Aspirating 144.0 uL from A2 of Reagents reservoir on 5 at 1.0 speed
	Dispensing 144.0 uL into A1 of Deep well on Magnetic Module on 7 at 1.0 speed
Delaying for 0 minutes and 2 seconds
Dispensing 20.0 uL into A1 of Deep well on Magnetic Module on 7 at 1.0 speed
Aspirating 20.0 uL from A1 of Deep well on Magnetic Module on 7 at 1.0 speed
Aspirating 40.0 uL from A1 of Deep well on Magnetic Module on 7 at 1.0 speed
Dispensing 40.0 uL into A1 of Deep well on Magnetic Module on 7 at 1.0 speed
Aspirating 40.0 uL from A1 of Deep well on Magnetic Module on 7 at 1.0 speed
Dispensing 40.0 uL into A1 of Deep well on Magnetic Module on 7 at 1.0 speed
Aspirating 40.0 uL from A1 of Deep well on Magnetic Module on 7 at 1.0 speed
Dispensing 40.0 uL into A1 of Deep well on Magnetic Module on 7 at 1.0 speed
Aspirating 40.0 uL from A1 of Deep well on Magnetic Module on 7 at 1.0 speed
Dispensing 40.0 uL into A1 of Deep well on Magnetic Module on 7 at 1.0 speed
Dispensing 20.0 uL into A1 of Deep well on Magnetic Module on 7 at 1.0 speed
Aspirating 20.0 uL from A1 of Deep well on Magnetic Module on 7 at 1.0 speed
Dropping tip into A1 of Opentrons Fixed Trash on 12
Picking up tip from A8 of Opentrons 96 Tip Rack 300 µL on 8
Transfering 144 ul from beads to col A3
Aspirating 20.0 uL from A2 of Reagents reservoir on 5 at 1.0 speed
Transferring 144.0 from A2 of Reagents reservoir on 5 to A3 of Deep well on Magnetic Module on 7
	Aspirating 144.0 uL from A2 of Reagents reservoir on 5 at 1.0 speed
	Dispensing 144.0 uL into A3 of Deep well on Magnetic Module on 7 at 1.0 speed
Delaying for 0 minutes and 2 seconds
Dispensing 20.0 uL into A3 of Deep well on Magnetic Module on 7 at 1.0 speed
Aspirating 20.0 uL from A3 of Deep well on Magnetic Module on 7 at 1.0 speed
Aspirating 40.0 uL from A3 of Deep well on Magnetic Module on 7 at 1.0 speed
Dispensing 40.0 uL into A3 of Deep well on Magnetic Module on 7 at 1.0 speed
Aspirating 40.0 uL from A3 of Deep well on Magnetic Module on 7 at 1.0 speed
Dispensing 40.0 uL into A3 of Deep well on Magnetic Module on 7 at 1.0 speed
Aspirating 40.0 uL from A3 of Deep well on Magnetic Module on 7 at 1.0 speed
Dispensing 40.0 uL into A3 of Deep well on Magnetic Module on 7 at 1.0 speed
Aspirating 40.0 uL from A3 of Deep well on Magnetic Module on 7 at 1.0 speed
Dispensing 40.0 uL into A3 of Deep well on Magnetic Module on 7 at 1.0 speed
Dispensing 20.0 uL into A3 of Deep well on Magnetic Module on 7 at 1.0 speed
Aspirating 20.0 uL from A3 of Deep well on Magnetic Module on 7 at 1.0 speed
Dropping tip into A1 of Opentrons Fixed Trash on 12
Picking up tip from A9 of Opentrons 96 Tip Rack 300 µL on 8
Transfering 144 ul from beads to col A5
Aspirating 20.0 uL from A2 of Reagents reservoir on 5 at 1.0 speed
Transferring 144.0 from A2 of Reagents reservoir on 5 to A5 of Deep well on Magnetic Module on 7
	Aspirating 144.0 uL from A2 of Reagents reservoir on 5 at 1.0 speed
	Dispensing 144.0 uL into A5 of Deep well on Magnetic Module on 7 at 1.0 speed
Delaying for 0 minutes and 2 seconds
Dispensing 20.0 uL into A5 of Deep well on Magnetic Module on 7 at 1.0 speed
Aspirating 20.0 uL from A5 of Deep well on Magnetic Module on 7 at 1.0 speed
Aspirating 40.0 uL from A5 of Deep well on Magnetic Module on 7 at 1.0 speed
Dispensing 40.0 uL into A5 of Deep well on Magnetic Module on 7 at 1.0 speed
Aspirating 40.0 uL from A5 of Deep well on Magnetic Module on 7 at 1.0 speed
Dispensing 40.0 uL into A5 of Deep well on Magnetic Module on 7 at 1.0 speed
Aspirating 40.0 uL from A5 of Deep well on Magnetic Module on 7 at 1.0 speed
Dispensing 40.0 uL into A5 of Deep well on Magnetic Module on 7 at 1.0 speed
Aspirating 40.0 uL from A5 of Deep well on Magnetic Module on 7 at 1.0 speed
Dispensing 40.0 uL into A5 of Deep well on Magnetic Module on 7 at 1.0 speed
Dispensing 20.0 uL into A5 of Deep well on Magnetic Module on 7 at 1.0 speed
Aspirating 20.0 uL from A5 of Deep well on Magnetic Module on 7 at 1.0 speed
Dropping tip into A1 of Opentrons Fixed Trash on 12
Picking up tip from A10 of Opentrons 96 Tip Rack 300 µL on 8
Transfering 144 ul from beads to col A7
Aspirating 20.0 uL from A2 of Reagents reservoir on 5 at 1.0 speed
Transferring 144.0 from A2 of Reagents reservoir on 5 to A7 of Deep well on Magnetic Module on 7
	Aspirating 144.0 uL from A2 of Reagents reservoir on 5 at 1.0 speed
	Dispensing 144.0 uL into A7 of Deep well on Magnetic Module on 7 at 1.0 speed
Delaying for 0 minutes and 2 seconds
Dispensing 20.0 uL into A7 of Deep well on Magnetic Module on 7 at 1.0 speed
Aspirating 20.0 uL from A7 of Deep well on Magnetic Module on 7 at 1.0 speed
Aspirating 40.0 uL from A7 of Deep well on Magnetic Module on 7 at 1.0 speed
Dispensing 40.0 uL into A7 of Deep well on Magnetic Module on 7 at 1.0 speed
Aspirating 40.0 uL from A7 of Deep well on Magnetic Module on 7 at 1.0 speed
Dispensing 40.0 uL into A7 of Deep well on Magnetic Module on 7 at 1.0 speed
Aspirating 40.0 uL from A7 of Deep well on Magnetic Module on 7 at 1.0 speed
Dispensing 40.0 uL into A7 of Deep well on Magnetic Module on 7 at 1.0 speed
Aspirating 40.0 uL from A7 of Deep well on Magnetic Module on 7 at 1.0 speed
Dispensing 40.0 uL into A7 of Deep well on Magnetic Module on 7 at 1.0 speed
Dispensing 20.0 uL into A7 of Deep well on Magnetic Module on 7 at 1.0 speed
Aspirating 20.0 uL from A7 of Deep well on Magnetic Module on 7 at 1.0 speed
Dropping tip into A1 of Opentrons Fixed Trash on 12
Picking up tip from A11 of Opentrons 96 Tip Rack 300 µL on 8
Transfering 144 ul from beads to col A9
Aspirating 20.0 uL from A2 of Reagents reservoir on 5 at 1.0 speed
Transferring 144.0 from A2 of Reagents reservoir on 5 to A9 of Deep well on Magnetic Module on 7
	Aspirating 144.0 uL from A2 of Reagents reservoir on 5 at 1.0 speed
	Dispensing 144.0 uL into A9 of Deep well on Magnetic Module on 7 at 1.0 speed
Delaying for 0 minutes and 2 seconds
Dispensing 20.0 uL into A9 of Deep well on Magnetic Module on 7 at 1.0 speed
Aspirating 20.0 uL from A9 of Deep well on Magnetic Module on 7 at 1.0 speed
Aspirating 40.0 uL from A9 of Deep well on Magnetic Module on 7 at 1.0 speed
Dispensing 40.0 uL into A9 of Deep well on Magnetic Module on 7 at 1.0 speed
Aspirating 40.0 uL from A9 of Deep well on Magnetic Module on 7 at 1.0 speed
Dispensing 40.0 uL into A9 of Deep well on Magnetic Module on 7 at 1.0 speed
Aspirating 40.0 uL from A9 of Deep well on Magnetic Module on 7 at 1.0 speed
Dispensing 40.0 uL into A9 of Deep well on Magnetic Module on 7 at 1.0 speed
Aspirating 40.0 uL from A9 of Deep well on Magnetic Module on 7 at 1.0 speed
Dispensing 40.0 uL into A9 of Deep well on Magnetic Module on 7 at 1.0 speed
Dispensing 20.0 uL into A9 of Deep well on Magnetic Module on 7 at 1.0 speed
Aspirating 20.0 uL from A9 of Deep well on Magnetic Module on 7 at 1.0 speed
Dropping tip into A1 of Opentrons Fixed Trash on 12
Picking up tip from A12 of Opentrons 96 Tip Rack 300 µL on 8
Transfering 144 ul from beads to col A11
Aspirating 20.0 uL from A2 of Reagents reservoir on 5 at 1.0 speed
Transferring 144.0 from A2 of Reagents reservoir on 5 to A11 of Deep well on Magnetic Module on 7
	Aspirating 144.0 uL from A2 of Reagents reservoir on 5 at 1.0 speed
	Dispensing 144.0 uL into A11 of Deep well on Magnetic Module on 7 at 1.0 speed
Delaying for 0 minutes and 2 seconds
Dispensing 20.0 uL into A11 of Deep well on Magnetic Module on 7 at 1.0 speed
Aspirating 20.0 uL from A11 of Deep well on Magnetic Module on 7 at 1.0 speed
Aspirating 40.0 uL from A11 of Deep well on Magnetic Module on 7 at 1.0 speed
Dispensing 40.0 uL into A11 of Deep well on Magnetic Module on 7 at 1.0 speed
Aspirating 40.0 uL from A11 of Deep well on Magnetic Module on 7 at 1.0 speed
Dispensing 40.0 uL into A11 of Deep well on Magnetic Module on 7 at 1.0 speed
Aspirating 40.0 uL from A11 of Deep well on Magnetic Module on 7 at 1.0 speed
Dispensing 40.0 uL into A11 of Deep well on Magnetic Module on 7 at 1.0 speed
Aspirating 40.0 uL from A11 of Deep well on Magnetic Module on 7 at 1.0 speed
Dispensing 40.0 uL into A11 of Deep well on Magnetic Module on 7 at 1.0 speed
Dispensing 20.0 uL into A11 of Deep well on Magnetic Module on 7 at 1.0 speed
Aspirating 20.0 uL from A11 of Deep well on Magnetic Module on 7 at 1.0 speed
Dropping tip into A1 of Opentrons Fixed Trash on 12
Incubating for 5 minutes
Delaying for 5 minutes and 0 seconds
Starting magnet and incubating for 5 min
Engaging Magnetic Module
Delaying for 5 minutes and 0 seconds
Removing 396 ul of supernatant while magnet is still engaged
Removing 396 ul of supernatant (beads and proteinase) while magnet is still engaged
Picking up tip from A1 of Opentrons 96 Tip Rack 300 µL on 9
Aspirating 20.0 uL from A1 of Deep well on Magnetic Module on 7 at 1.0 speed
Aspirating 180.0 uL from A1 of Deep well on Magnetic Module on 7 at 1.0 speed
Dispensing 200.0 uL into A1 of Liquid waste reservoir on 11 at 1.0 speed
Delaying for 0 minutes and 2 seconds
Blowing out
Aspirating 20.0 uL from A1 of Deep well on Magnetic Module on 7 at 1.0 speed
Aspirating 180.0 uL from A1 of Deep well on Magnetic Module on 7 at 1.0 speed
Dispensing 200.0 uL into A1 of Liquid waste reservoir on 11 at 1.0 speed
Delaying for 0 minutes and 2 seconds
Blowing out
Aspirating 20.0 uL from A1 of Deep well on Magnetic Module on 7 at 1.0 speed
Aspirating 36.0 uL from A1 of Deep well on Magnetic Module on 7 at 1.0 speed
Dispensing 200.0 uL into A1 of Liquid waste reservoir on 11 at 1.0 speed
Delaying for 0 minutes and 2 seconds
Blowing out
Aspirating 20.0 uL from A1 of Deep well on Magnetic Module on 7 at 1.0 speed
Dropping tip into A1 of Opentrons Fixed Trash on 12
Picking up tip from A2 of Opentrons 96 Tip Rack 300 µL on 9
Aspirating 20.0 uL from A3 of Deep well on Magnetic Module on 7 at 1.0 speed
Aspirating 180.0 uL from A3 of Deep well on Magnetic Module on 7 at 1.0 speed
Dispensing 200.0 uL into A1 of Liquid waste reservoir on 11 at 1.0 speed
Delaying for 0 minutes and 2 seconds
Blowing out
Aspirating 20.0 uL from A3 of Deep well on Magnetic Module on 7 at 1.0 speed
Aspirating 180.0 uL from A3 of Deep well on Magnetic Module on 7 at 1.0 speed
Dispensing 200.0 uL into A1 of Liquid waste reservoir on 11 at 1.0 speed
Delaying for 0 minutes and 2 seconds
Blowing out
Aspirating 20.0 uL from A3 of Deep well on Magnetic Module on 7 at 1.0 speed
Aspirating 36.0 uL from A3 of Deep well on Magnetic Module on 7 at 1.0 speed
Dispensing 200.0 uL into A1 of Liquid waste reservoir on 11 at 1.0 speed
Delaying for 0 minutes and 2 seconds
Blowing out
Aspirating 20.0 uL from A3 of Deep well on Magnetic Module on 7 at 1.0 speed
Dropping tip into A1 of Opentrons Fixed Trash on 12
Picking up tip from A3 of Opentrons 96 Tip Rack 300 µL on 9
Aspirating 20.0 uL from A5 of Deep well on Magnetic Module on 7 at 1.0 speed
Aspirating 180.0 uL from A5 of Deep well on Magnetic Module on 7 at 1.0 speed
Dispensing 200.0 uL into A1 of Liquid waste reservoir on 11 at 1.0 speed
Delaying for 0 minutes and 2 seconds
Blowing out
Aspirating 20.0 uL from A5 of Deep well on Magnetic Module on 7 at 1.0 speed
Aspirating 180.0 uL from A5 of Deep well on Magnetic Module on 7 at 1.0 speed
Dispensing 200.0 uL into A1 of Liquid waste reservoir on 11 at 1.0 speed
Delaying for 0 minutes and 2 seconds
Blowing out
Aspirating 20.0 uL from A5 of Deep well on Magnetic Module on 7 at 1.0 speed
Aspirating 36.0 uL from A5 of Deep well on Magnetic Module on 7 at 1.0 speed
Dispensing 200.0 uL into A1 of Liquid waste reservoir on 11 at 1.0 speed
Delaying for 0 minutes and 2 seconds
Blowing out
Aspirating 20.0 uL from A5 of Deep well on Magnetic Module on 7 at 1.0 speed
Dropping tip into A1 of Opentrons Fixed Trash on 12
Picking up tip from A4 of Opentrons 96 Tip Rack 300 µL on 9
Aspirating 20.0 uL from A7 of Deep well on Magnetic Module on 7 at 1.0 speed
Aspirating 180.0 uL from A7 of Deep well on Magnetic Module on 7 at 1.0 speed
Dispensing 200.0 uL into A1 of Liquid waste reservoir on 11 at 1.0 speed
Delaying for 0 minutes and 2 seconds
Blowing out
Aspirating 20.0 uL from A7 of Deep well on Magnetic Module on 7 at 1.0 speed
Aspirating 180.0 uL from A7 of Deep well on Magnetic Module on 7 at 1.0 speed
Dispensing 200.0 uL into A1 of Liquid waste reservoir on 11 at 1.0 speed
Delaying for 0 minutes and 2 seconds
Blowing out
Aspirating 20.0 uL from A7 of Deep well on Magnetic Module on 7 at 1.0 speed
Aspirating 36.0 uL from A7 of Deep well on Magnetic Module on 7 at 1.0 speed
Dispensing 200.0 uL into A1 of Liquid waste reservoir on 11 at 1.0 speed
Delaying for 0 minutes and 2 seconds
Blowing out
Aspirating 20.0 uL from A7 of Deep well on Magnetic Module on 7 at 1.0 speed
Dropping tip into A1 of Opentrons Fixed Trash on 12
Picking up tip from A5 of Opentrons 96 Tip Rack 300 µL on 9
Aspirating 20.0 uL from A9 of Deep well on Magnetic Module on 7 at 1.0 speed
Aspirating 180.0 uL from A9 of Deep well on Magnetic Module on 7 at 1.0 speed
Dispensing 200.0 uL into A1 of Liquid waste reservoir on 11 at 1.0 speed
Delaying for 0 minutes and 2 seconds
Blowing out
Aspirating 20.0 uL from A9 of Deep well on Magnetic Module on 7 at 1.0 speed
Aspirating 180.0 uL from A9 of Deep well on Magnetic Module on 7 at 1.0 speed
Dispensing 200.0 uL into A1 of Liquid waste reservoir on 11 at 1.0 speed
Delaying for 0 minutes and 2 seconds
Blowing out
Aspirating 20.0 uL from A9 of Deep well on Magnetic Module on 7 at 1.0 speed
Aspirating 36.0 uL from A9 of Deep well on Magnetic Module on 7 at 1.0 speed
Dispensing 200.0 uL into A1 of Liquid waste reservoir on 11 at 1.0 speed
Delaying for 0 minutes and 2 seconds
Blowing out
Aspirating 20.0 uL from A9 of Deep well on Magnetic Module on 7 at 1.0 speed
Dropping tip into A1 of Opentrons Fixed Trash on 12
Picking up tip from A6 of Opentrons 96 Tip Rack 300 µL on 9
Aspirating 20.0 uL from A11 of Deep well on Magnetic Module on 7 at 1.0 speed
Aspirating 180.0 uL from A11 of Deep well on Magnetic Module on 7 at 1.0 speed
Dispensing 200.0 uL into A1 of Liquid waste reservoir on 11 at 1.0 speed
Delaying for 0 minutes and 2 seconds
Blowing out
Aspirating 20.0 uL from A11 of Deep well on Magnetic Module on 7 at 1.0 speed
Aspirating 180.0 uL from A11 of Deep well on Magnetic Module on 7 at 1.0 speed
Dispensing 200.0 uL into A1 of Liquid waste reservoir on 11 at 1.0 speed
Delaying for 0 minutes and 2 seconds
Blowing out
Aspirating 20.0 uL from A11 of Deep well on Magnetic Module on 7 at 1.0 speed
Aspirating 36.0 uL from A11 of Deep well on Magnetic Module on 7 at 1.0 speed
Dispensing 200.0 uL into A1 of Liquid waste reservoir on 11 at 1.0 speed
Delaying for 0 minutes and 2 seconds
Blowing out
Aspirating 20.0 uL from A11 of Deep well on Magnetic Module on 7 at 1.0 speed
Dropping tip into A1 of Opentrons Fixed Trash on 12
Disengaging magnet
Disengaging Magnetic Module
Transfering 280 ul of WBE
Picking up tip from A7 of Opentrons 96 Tip Rack 300 µL on 9
Aspirating 20.0 uL from A3 of Reagents reservoir on 5 at 1.0 speed
Transferring 180.0 from A3 of Reagents reservoir on 5 to A1 of Deep well on Magnetic Module on 7
	Aspirating 180.0 uL from A3 of Reagents reservoir on 5 at 1.0 speed
	Dispensing 180.0 uL into A1 of Deep well on Magnetic Module on 7 at 1.0 speed
Delaying for 0 minutes and 2 seconds
Dispensing 20.0 uL into A1 of Deep well on Magnetic Module on 7 at 1.0 speed
Aspirating 20.0 uL from A3 of Reagents reservoir on 5 at 1.0 speed
Transferring 100.0 from A3 of Reagents reservoir on 5 to A1 of Deep well on Magnetic Module on 7
	Aspirating 100.0 uL from A3 of Reagents reservoir on 5 at 1.0 speed
	Dispensing 100.0 uL into A1 of Deep well on Magnetic Module on 7 at 1.0 speed
Delaying for 0 minutes and 2 seconds
Dispensing 20.0 uL into A1 of Deep well on Magnetic Module on 7 at 1.0 speed
Aspirating 20.0 uL from A1 of Deep well on Magnetic Module on 7 at 1.0 speed
Aspirating 70.0 uL from A1 of Deep well on Magnetic Module on 7 at 1.0 speed
Dispensing 70.0 uL into A1 of Deep well on Magnetic Module on 7 at 1.0 speed
Aspirating 70.0 uL from A1 of Deep well on Magnetic Module on 7 at 1.0 speed
Dispensing 70.0 uL into A1 of Deep well on Magnetic Module on 7 at 1.0 speed
Aspirating 70.0 uL from A1 of Deep well on Magnetic Module on 7 at 1.0 speed
Dispensing 70.0 uL into A1 of Deep well on Magnetic Module on 7 at 1.0 speed
Aspirating 70.0 uL from A1 of Deep well on Magnetic Module on 7 at 1.0 speed
Dispensing 70.0 uL into A1 of Deep well on Magnetic Module on 7 at 1.0 speed
Dispensing 20.0 uL into A1 of Deep well on Magnetic Module on 7 at 1.0 speed
Aspirating 20.0 uL from A1 of Deep well on Magnetic Module on 7 at 1.0 speed
Dropping tip into A1 of Opentrons Fixed Trash on 12
Picking up tip from A8 of Opentrons 96 Tip Rack 300 µL on 9
Aspirating 20.0 uL from A3 of Reagents reservoir on 5 at 1.0 speed
Transferring 180.0 from A3 of Reagents reservoir on 5 to A3 of Deep well on Magnetic Module on 7
	Aspirating 180.0 uL from A3 of Reagents reservoir on 5 at 1.0 speed
	Dispensing 180.0 uL into A3 of Deep well on Magnetic Module on 7 at 1.0 speed
Delaying for 0 minutes and 2 seconds
Dispensing 20.0 uL into A3 of Deep well on Magnetic Module on 7 at 1.0 speed
Aspirating 20.0 uL from A3 of Reagents reservoir on 5 at 1.0 speed
Transferring 100.0 from A3 of Reagents reservoir on 5 to A3 of Deep well on Magnetic Module on 7
	Aspirating 100.0 uL from A3 of Reagents reservoir on 5 at 1.0 speed
	Dispensing 100.0 uL into A3 of Deep well on Magnetic Module on 7 at 1.0 speed
Delaying for 0 minutes and 2 seconds
Dispensing 20.0 uL into A3 of Deep well on Magnetic Module on 7 at 1.0 speed
Aspirating 20.0 uL from A3 of Deep well on Magnetic Module on 7 at 1.0 speed
Aspirating 70.0 uL from A3 of Deep well on Magnetic Module on 7 at 1.0 speed
Dispensing 70.0 uL into A3 of Deep well on Magnetic Module on 7 at 1.0 speed
Aspirating 70.0 uL from A3 of Deep well on Magnetic Module on 7 at 1.0 speed
Dispensing 70.0 uL into A3 of Deep well on Magnetic Module on 7 at 1.0 speed
Aspirating 70.0 uL from A3 of Deep well on Magnetic Module on 7 at 1.0 speed
Dispensing 70.0 uL into A3 of Deep well on Magnetic Module on 7 at 1.0 speed
Aspirating 70.0 uL from A3 of Deep well on Magnetic Module on 7 at 1.0 speed
Dispensing 70.0 uL into A3 of Deep well on Magnetic Module on 7 at 1.0 speed
Dispensing 20.0 uL into A3 of Deep well on Magnetic Module on 7 at 1.0 speed
Aspirating 20.0 uL from A3 of Deep well on Magnetic Module on 7 at 1.0 speed
Dropping tip into A1 of Opentrons Fixed Trash on 12
Picking up tip from A9 of Opentrons 96 Tip Rack 300 µL on 9
Aspirating 20.0 uL from A3 of Reagents reservoir on 5 at 1.0 speed
Transferring 180.0 from A3 of Reagents reservoir on 5 to A5 of Deep well on Magnetic Module on 7
	Aspirating 180.0 uL from A3 of Reagents reservoir on 5 at 1.0 speed
	Dispensing 180.0 uL into A5 of Deep well on Magnetic Module on 7 at 1.0 speed
Delaying for 0 minutes and 2 seconds
Dispensing 20.0 uL into A5 of Deep well on Magnetic Module on 7 at 1.0 speed
Aspirating 20.0 uL from A3 of Reagents reservoir on 5 at 1.0 speed
Transferring 100.0 from A3 of Reagents reservoir on 5 to A5 of Deep well on Magnetic Module on 7
	Aspirating 100.0 uL from A3 of Reagents reservoir on 5 at 1.0 speed
	Dispensing 100.0 uL into A5 of Deep well on Magnetic Module on 7 at 1.0 speed
Delaying for 0 minutes and 2 seconds
Dispensing 20.0 uL into A5 of Deep well on Magnetic Module on 7 at 1.0 speed
Aspirating 20.0 uL from A5 of Deep well on Magnetic Module on 7 at 1.0 speed
Aspirating 70.0 uL from A5 of Deep well on Magnetic Module on 7 at 1.0 speed
Dispensing 70.0 uL into A5 of Deep well on Magnetic Module on 7 at 1.0 speed
Aspirating 70.0 uL from A5 of Deep well on Magnetic Module on 7 at 1.0 speed
Dispensing 70.0 uL into A5 of Deep well on Magnetic Module on 7 at 1.0 speed
Aspirating 70.0 uL from A5 of Deep well on Magnetic Module on 7 at 1.0 speed
Dispensing 70.0 uL into A5 of Deep well on Magnetic Module on 7 at 1.0 speed
Aspirating 70.0 uL from A5 of Deep well on Magnetic Module on 7 at 1.0 speed
Dispensing 70.0 uL into A5 of Deep well on Magnetic Module on 7 at 1.0 speed
Dispensing 20.0 uL into A5 of Deep well on Magnetic Module on 7 at 1.0 speed
Aspirating 20.0 uL from A5 of Deep well on Magnetic Module on 7 at 1.0 speed
Dropping tip into A1 of Opentrons Fixed Trash on 12
Picking up tip from A10 of Opentrons 96 Tip Rack 300 µL on 9
Aspirating 20.0 uL from A3 of Reagents reservoir on 5 at 1.0 speed
Transferring 180.0 from A3 of Reagents reservoir on 5 to A7 of Deep well on Magnetic Module on 7
	Aspirating 180.0 uL from A3 of Reagents reservoir on 5 at 1.0 speed
	Dispensing 180.0 uL into A7 of Deep well on Magnetic Module on 7 at 1.0 speed
Delaying for 0 minutes and 2 seconds
Dispensing 20.0 uL into A7 of Deep well on Magnetic Module on 7 at 1.0 speed
Aspirating 20.0 uL from A3 of Reagents reservoir on 5 at 1.0 speed
Transferring 100.0 from A3 of Reagents reservoir on 5 to A7 of Deep well on Magnetic Module on 7
	Aspirating 100.0 uL from A3 of Reagents reservoir on 5 at 1.0 speed
	Dispensing 100.0 uL into A7 of Deep well on Magnetic Module on 7 at 1.0 speed
Delaying for 0 minutes and 2 seconds
Dispensing 20.0 uL into A7 of Deep well on Magnetic Module on 7 at 1.0 speed
Aspirating 20.0 uL from A7 of Deep well on Magnetic Module on 7 at 1.0 speed
Aspirating 70.0 uL from A7 of Deep well on Magnetic Module on 7 at 1.0 speed
Dispensing 70.0 uL into A7 of Deep well on Magnetic Module on 7 at 1.0 speed
Aspirating 70.0 uL from A7 of Deep well on Magnetic Module on 7 at 1.0 speed
Dispensing 70.0 uL into A7 of Deep well on Magnetic Module on 7 at 1.0 speed
Aspirating 70.0 uL from A7 of Deep well on Magnetic Module on 7 at 1.0 speed
Dispensing 70.0 uL into A7 of Deep well on Magnetic Module on 7 at 1.0 speed
Aspirating 70.0 uL from A7 of Deep well on Magnetic Module on 7 at 1.0 speed
Dispensing 70.0 uL into A7 of Deep well on Magnetic Module on 7 at 1.0 speed
Dispensing 20.0 uL into A7 of Deep well on Magnetic Module on 7 at 1.0 speed
Aspirating 20.0 uL from A7 of Deep well on Magnetic Module on 7 at 1.0 speed
Dropping tip into A1 of Opentrons Fixed Trash on 12
Picking up tip from A11 of Opentrons 96 Tip Rack 300 µL on 9
Aspirating 20.0 uL from A3 of Reagents reservoir on 5 at 1.0 speed
Transferring 180.0 from A3 of Reagents reservoir on 5 to A9 of Deep well on Magnetic Module on 7
	Aspirating 180.0 uL from A3 of Reagents reservoir on 5 at 1.0 speed
	Dispensing 180.0 uL into A9 of Deep well on Magnetic Module on 7 at 1.0 speed
Delaying for 0 minutes and 2 seconds
Dispensing 20.0 uL into A9 of Deep well on Magnetic Module on 7 at 1.0 speed
Aspirating 20.0 uL from A3 of Reagents reservoir on 5 at 1.0 speed
Transferring 100.0 from A3 of Reagents reservoir on 5 to A9 of Deep well on Magnetic Module on 7
	Aspirating 100.0 uL from A3 of Reagents reservoir on 5 at 1.0 speed
	Dispensing 100.0 uL into A9 of Deep well on Magnetic Module on 7 at 1.0 speed
Delaying for 0 minutes and 2 seconds
Dispensing 20.0 uL into A9 of Deep well on Magnetic Module on 7 at 1.0 speed
Aspirating 20.0 uL from A9 of Deep well on Magnetic Module on 7 at 1.0 speed
Aspirating 70.0 uL from A9 of Deep well on Magnetic Module on 7 at 1.0 speed
Dispensing 70.0 uL into A9 of Deep well on Magnetic Module on 7 at 1.0 speed
Aspirating 70.0 uL from A9 of Deep well on Magnetic Module on 7 at 1.0 speed
Dispensing 70.0 uL into A9 of Deep well on Magnetic Module on 7 at 1.0 speed
Aspirating 70.0 uL from A9 of Deep well on Magnetic Module on 7 at 1.0 speed
Dispensing 70.0 uL into A9 of Deep well on Magnetic Module on 7 at 1.0 speed
Aspirating 70.0 uL from A9 of Deep well on Magnetic Module on 7 at 1.0 speed
Dispensing 70.0 uL into A9 of Deep well on Magnetic Module on 7 at 1.0 speed
Dispensing 20.0 uL into A9 of Deep well on Magnetic Module on 7 at 1.0 speed
Aspirating 20.0 uL from A9 of Deep well on Magnetic Module on 7 at 1.0 speed
Dropping tip into A1 of Opentrons Fixed Trash on 12
Picking up tip from A12 of Opentrons 96 Tip Rack 300 µL on 9
Aspirating 20.0 uL from A3 of Reagents reservoir on 5 at 1.0 speed
Transferring 180.0 from A3 of Reagents reservoir on 5 to A11 of Deep well on Magnetic Module on 7
	Aspirating 180.0 uL from A3 of Reagents reservoir on 5 at 1.0 speed
	Dispensing 180.0 uL into A11 of Deep well on Magnetic Module on 7 at 1.0 speed
Delaying for 0 minutes and 2 seconds
Dispensing 20.0 uL into A11 of Deep well on Magnetic Module on 7 at 1.0 speed
Aspirating 20.0 uL from A3 of Reagents reservoir on 5 at 1.0 speed
Transferring 100.0 from A3 of Reagents reservoir on 5 to A11 of Deep well on Magnetic Module on 7
	Aspirating 100.0 uL from A3 of Reagents reservoir on 5 at 1.0 speed
	Dispensing 100.0 uL into A11 of Deep well on Magnetic Module on 7 at 1.0 speed
Delaying for 0 minutes and 2 seconds
Dispensing 20.0 uL into A11 of Deep well on Magnetic Module on 7 at 1.0 speed
Aspirating 20.0 uL from A11 of Deep well on Magnetic Module on 7 at 1.0 speed
Aspirating 70.0 uL from A11 of Deep well on Magnetic Module on 7 at 1.0 speed
Dispensing 70.0 uL into A11 of Deep well on Magnetic Module on 7 at 1.0 speed
Aspirating 70.0 uL from A11 of Deep well on Magnetic Module on 7 at 1.0 speed
Dispensing 70.0 uL into A11 of Deep well on Magnetic Module on 7 at 1.0 speed
Aspirating 70.0 uL from A11 of Deep well on Magnetic Module on 7 at 1.0 speed
Dispensing 70.0 uL into A11 of Deep well on Magnetic Module on 7 at 1.0 speed
Aspirating 70.0 uL from A11 of Deep well on Magnetic Module on 7 at 1.0 speed
Dispensing 70.0 uL into A11 of Deep well on Magnetic Module on 7 at 1.0 speed
Dispensing 20.0 uL into A11 of Deep well on Magnetic Module on 7 at 1.0 speed
Aspirating 20.0 uL from A11 of Deep well on Magnetic Module on 7 at 1.0 speed
Dropping tip into A1 of Opentrons Fixed Trash on 12
Engaging magnet and incubating for 3 minutes
Engaging Magnetic Module
Delaying for 3 minutes and 0 seconds
Removing 280 ul of supernatant (WBE) while magnet is still engaged
Picking up tip from A1 of Opentrons 96 Tip Rack 300 µL on 6
Aspirating 20.0 uL from A1 of Deep well on Magnetic Module on 7 at 1.0 speed
Aspirating 180.0 uL from A1 of Deep well on Magnetic Module on 7 at 1.0 speed
Dispensing 200.0 uL into A2 of Liquid waste reservoir on 11 at 1.0 speed
Delaying for 0 minutes and 2 seconds
Blowing out
Aspirating 20.0 uL from A1 of Deep well on Magnetic Module on 7 at 1.0 speed
Aspirating 100.0 uL from A1 of Deep well on Magnetic Module on 7 at 1.0 speed
Dispensing 200.0 uL into A2 of Liquid waste reservoir on 11 at 1.0 speed
Delaying for 0 minutes and 2 seconds
Blowing out
Aspirating 20.0 uL from A1 of Deep well on Magnetic Module on 7 at 1.0 speed
Dropping tip into A1 of Opentrons Fixed Trash on 12
Picking up tip from A2 of Opentrons 96 Tip Rack 300 µL on 6
Aspirating 20.0 uL from A3 of Deep well on Magnetic Module on 7 at 1.0 speed
Aspirating 180.0 uL from A3 of Deep well on Magnetic Module on 7 at 1.0 speed
Dispensing 200.0 uL into A2 of Liquid waste reservoir on 11 at 1.0 speed
Delaying for 0 minutes and 2 seconds
Blowing out
Aspirating 20.0 uL from A3 of Deep well on Magnetic Module on 7 at 1.0 speed
Aspirating 100.0 uL from A3 of Deep well on Magnetic Module on 7 at 1.0 speed
Dispensing 200.0 uL into A2 of Liquid waste reservoir on 11 at 1.0 speed
Delaying for 0 minutes and 2 seconds
Blowing out
Aspirating 20.0 uL from A3 of Deep well on Magnetic Module on 7 at 1.0 speed
Dropping tip into A1 of Opentrons Fixed Trash on 12
Picking up tip from A3 of Opentrons 96 Tip Rack 300 µL on 6
Aspirating 20.0 uL from A5 of Deep well on Magnetic Module on 7 at 1.0 speed
Aspirating 180.0 uL from A5 of Deep well on Magnetic Module on 7 at 1.0 speed
Dispensing 200.0 uL into A2 of Liquid waste reservoir on 11 at 1.0 speed
Delaying for 0 minutes and 2 seconds
Blowing out
Aspirating 20.0 uL from A5 of Deep well on Magnetic Module on 7 at 1.0 speed
Aspirating 100.0 uL from A5 of Deep well on Magnetic Module on 7 at 1.0 speed
Dispensing 200.0 uL into A2 of Liquid waste reservoir on 11 at 1.0 speed
Delaying for 0 minutes and 2 seconds
Blowing out
Aspirating 20.0 uL from A5 of Deep well on Magnetic Module on 7 at 1.0 speed
Dropping tip into A1 of Opentrons Fixed Trash on 12
Picking up tip from A4 of Opentrons 96 Tip Rack 300 µL on 6
Aspirating 20.0 uL from A7 of Deep well on Magnetic Module on 7 at 1.0 speed
Aspirating 180.0 uL from A7 of Deep well on Magnetic Module on 7 at 1.0 speed
Dispensing 200.0 uL into A2 of Liquid waste reservoir on 11 at 1.0 speed
Delaying for 0 minutes and 2 seconds
Blowing out
Aspirating 20.0 uL from A7 of Deep well on Magnetic Module on 7 at 1.0 speed
Aspirating 100.0 uL from A7 of Deep well on Magnetic Module on 7 at 1.0 speed
Dispensing 200.0 uL into A2 of Liquid waste reservoir on 11 at 1.0 speed
Delaying for 0 minutes and 2 seconds
Blowing out
Aspirating 20.0 uL from A7 of Deep well on Magnetic Module on 7 at 1.0 speed
Dropping tip into A1 of Opentrons Fixed Trash on 12
Picking up tip from A5 of Opentrons 96 Tip Rack 300 µL on 6
Aspirating 20.0 uL from A9 of Deep well on Magnetic Module on 7 at 1.0 speed
Aspirating 180.0 uL from A9 of Deep well on Magnetic Module on 7 at 1.0 speed
Dispensing 200.0 uL into A2 of Liquid waste reservoir on 11 at 1.0 speed
Delaying for 0 minutes and 2 seconds
Blowing out
Aspirating 20.0 uL from A9 of Deep well on Magnetic Module on 7 at 1.0 speed
Aspirating 100.0 uL from A9 of Deep well on Magnetic Module on 7 at 1.0 speed
Dispensing 200.0 uL into A2 of Liquid waste reservoir on 11 at 1.0 speed
Delaying for 0 minutes and 2 seconds
Blowing out
Aspirating 20.0 uL from A9 of Deep well on Magnetic Module on 7 at 1.0 speed
Dropping tip into A1 of Opentrons Fixed Trash on 12
Picking up tip from A6 of Opentrons 96 Tip Rack 300 µL on 6
Aspirating 20.0 uL from A11 of Deep well on Magnetic Module on 7 at 1.0 speed
Aspirating 180.0 uL from A11 of Deep well on Magnetic Module on 7 at 1.0 speed
Dispensing 200.0 uL into A2 of Liquid waste reservoir on 11 at 1.0 speed
Delaying for 0 minutes and 2 seconds
Blowing out
Aspirating 20.0 uL from A11 of Deep well on Magnetic Module on 7 at 1.0 speed
Aspirating 100.0 uL from A11 of Deep well on Magnetic Module on 7 at 1.0 speed
Dispensing 200.0 uL into A2 of Liquid waste reservoir on 11 at 1.0 speed
Delaying for 0 minutes and 2 seconds
Blowing out
Aspirating 20.0 uL from A11 of Deep well on Magnetic Module on 7 at 1.0 speed
Dropping tip into A1 of Opentrons Fixed Trash on 12
Disengaging magnet
Disengaging Magnetic Module
Transfering 280 ul of Ethanol 70% (First time)
Picking up tip from A7 of Opentrons 96 Tip Rack 300 µL on 6
Aspirating 20.0 uL from A4 of Reagents reservoir on 5 at 1.0 speed
Transferring 180.0 from A4 of Reagents reservoir on 5 to A1 of Deep well on Magnetic Module on 7
	Aspirating 180.0 uL from A4 of Reagents reservoir on 5 at 1.0 speed
	Dispensing 180.0 uL into A1 of Deep well on Magnetic Module on 7 at 1.0 speed
Delaying for 0 minutes and 2 seconds
Dispensing 20.0 uL into A1 of Deep well on Magnetic Module on 7 at 1.0 speed
Aspirating 20.0 uL from A4 of Reagents reservoir on 5 at 1.0 speed
Transferring 100.0 from A4 of Reagents reservoir on 5 to A1 of Deep well on Magnetic Module on 7
	Aspirating 100.0 uL from A4 of Reagents reservoir on 5 at 1.0 speed
	Dispensing 100.0 uL into A1 of Deep well on Magnetic Module on 7 at 1.0 speed
Delaying for 0 minutes and 2 seconds
Dispensing 20.0 uL into A1 of Deep well on Magnetic Module on 7 at 1.0 speed
Aspirating 20.0 uL from A1 of Deep well on Magnetic Module on 7 at 1.0 speed
Aspirating 70.0 uL from A1 of Deep well on Magnetic Module on 7 at 1.0 speed
Dispensing 70.0 uL into A1 of Deep well on Magnetic Module on 7 at 1.0 speed
Aspirating 70.0 uL from A1 of Deep well on Magnetic Module on 7 at 1.0 speed
Dispensing 70.0 uL into A1 of Deep well on Magnetic Module on 7 at 1.0 speed
Aspirating 70.0 uL from A1 of Deep well on Magnetic Module on 7 at 1.0 speed
Dispensing 70.0 uL into A1 of Deep well on Magnetic Module on 7 at 1.0 speed
Aspirating 70.0 uL from A1 of Deep well on Magnetic Module on 7 at 1.0 speed
Dispensing 70.0 uL into A1 of Deep well on Magnetic Module on 7 at 1.0 speed
Dispensing 20.0 uL into A1 of Deep well on Magnetic Module on 7 at 1.0 speed
Aspirating 20.0 uL from A1 of Deep well on Magnetic Module on 7 at 1.0 speed
Dropping tip into A1 of Opentrons Fixed Trash on 12
Picking up tip from A8 of Opentrons 96 Tip Rack 300 µL on 6
Aspirating 20.0 uL from A4 of Reagents reservoir on 5 at 1.0 speed
Transferring 180.0 from A4 of Reagents reservoir on 5 to A3 of Deep well on Magnetic Module on 7
	Aspirating 180.0 uL from A4 of Reagents reservoir on 5 at 1.0 speed
	Dispensing 180.0 uL into A3 of Deep well on Magnetic Module on 7 at 1.0 speed
Delaying for 0 minutes and 2 seconds
Dispensing 20.0 uL into A3 of Deep well on Magnetic Module on 7 at 1.0 speed
Aspirating 20.0 uL from A4 of Reagents reservoir on 5 at 1.0 speed
Transferring 100.0 from A4 of Reagents reservoir on 5 to A3 of Deep well on Magnetic Module on 7
	Aspirating 100.0 uL from A4 of Reagents reservoir on 5 at 1.0 speed
	Dispensing 100.0 uL into A3 of Deep well on Magnetic Module on 7 at 1.0 speed
Delaying for 0 minutes and 2 seconds
Dispensing 20.0 uL into A3 of Deep well on Magnetic Module on 7 at 1.0 speed
Aspirating 20.0 uL from A3 of Deep well on Magnetic Module on 7 at 1.0 speed
Aspirating 70.0 uL from A3 of Deep well on Magnetic Module on 7 at 1.0 speed
Dispensing 70.0 uL into A3 of Deep well on Magnetic Module on 7 at 1.0 speed
Aspirating 70.0 uL from A3 of Deep well on Magnetic Module on 7 at 1.0 speed
Dispensing 70.0 uL into A3 of Deep well on Magnetic Module on 7 at 1.0 speed
Aspirating 70.0 uL from A3 of Deep well on Magnetic Module on 7 at 1.0 speed
Dispensing 70.0 uL into A3 of Deep well on Magnetic Module on 7 at 1.0 speed
Aspirating 70.0 uL from A3 of Deep well on Magnetic Module on 7 at 1.0 speed
Dispensing 70.0 uL into A3 of Deep well on Magnetic Module on 7 at 1.0 speed
Dispensing 20.0 uL into A3 of Deep well on Magnetic Module on 7 at 1.0 speed
Aspirating 20.0 uL from A3 of Deep well on Magnetic Module on 7 at 1.0 speed
Dropping tip into A1 of Opentrons Fixed Trash on 12
Picking up tip from A9 of Opentrons 96 Tip Rack 300 µL on 6
Aspirating 20.0 uL from A4 of Reagents reservoir on 5 at 1.0 speed
Transferring 180.0 from A4 of Reagents reservoir on 5 to A5 of Deep well on Magnetic Module on 7
	Aspirating 180.0 uL from A4 of Reagents reservoir on 5 at 1.0 speed
	Dispensing 180.0 uL into A5 of Deep well on Magnetic Module on 7 at 1.0 speed
Delaying for 0 minutes and 2 seconds
Dispensing 20.0 uL into A5 of Deep well on Magnetic Module on 7 at 1.0 speed
Aspirating 20.0 uL from A4 of Reagents reservoir on 5 at 1.0 speed
Transferring 100.0 from A4 of Reagents reservoir on 5 to A5 of Deep well on Magnetic Module on 7
	Aspirating 100.0 uL from A4 of Reagents reservoir on 5 at 1.0 speed
	Dispensing 100.0 uL into A5 of Deep well on Magnetic Module on 7 at 1.0 speed
Delaying for 0 minutes and 2 seconds
Dispensing 20.0 uL into A5 of Deep well on Magnetic Module on 7 at 1.0 speed
Aspirating 20.0 uL from A5 of Deep well on Magnetic Module on 7 at 1.0 speed
Aspirating 70.0 uL from A5 of Deep well on Magnetic Module on 7 at 1.0 speed
Dispensing 70.0 uL into A5 of Deep well on Magnetic Module on 7 at 1.0 speed
Aspirating 70.0 uL from A5 of Deep well on Magnetic Module on 7 at 1.0 speed
Dispensing 70.0 uL into A5 of Deep well on Magnetic Module on 7 at 1.0 speed
Aspirating 70.0 uL from A5 of Deep well on Magnetic Module on 7 at 1.0 speed
Dispensing 70.0 uL into A5 of Deep well on Magnetic Module on 7 at 1.0 speed
Aspirating 70.0 uL from A5 of Deep well on Magnetic Module on 7 at 1.0 speed
Dispensing 70.0 uL into A5 of Deep well on Magnetic Module on 7 at 1.0 speed
Dispensing 20.0 uL into A5 of Deep well on Magnetic Module on 7 at 1.0 speed
Aspirating 20.0 uL from A5 of Deep well on Magnetic Module on 7 at 1.0 speed
Dropping tip into A1 of Opentrons Fixed Trash on 12
Picking up tip from A10 of Opentrons 96 Tip Rack 300 µL on 6
Aspirating 20.0 uL from A4 of Reagents reservoir on 5 at 1.0 speed
Transferring 180.0 from A4 of Reagents reservoir on 5 to A7 of Deep well on Magnetic Module on 7
	Aspirating 180.0 uL from A4 of Reagents reservoir on 5 at 1.0 speed
	Dispensing 180.0 uL into A7 of Deep well on Magnetic Module on 7 at 1.0 speed
Delaying for 0 minutes and 2 seconds
Dispensing 20.0 uL into A7 of Deep well on Magnetic Module on 7 at 1.0 speed
Aspirating 20.0 uL from A4 of Reagents reservoir on 5 at 1.0 speed
Transferring 100.0 from A4 of Reagents reservoir on 5 to A7 of Deep well on Magnetic Module on 7
	Aspirating 100.0 uL from A4 of Reagents reservoir on 5 at 1.0 speed
	Dispensing 100.0 uL into A7 of Deep well on Magnetic Module on 7 at 1.0 speed
Delaying for 0 minutes and 2 seconds
Dispensing 20.0 uL into A7 of Deep well on Magnetic Module on 7 at 1.0 speed
Aspirating 20.0 uL from A7 of Deep well on Magnetic Module on 7 at 1.0 speed
Aspirating 70.0 uL from A7 of Deep well on Magnetic Module on 7 at 1.0 speed
Dispensing 70.0 uL into A7 of Deep well on Magnetic Module on 7 at 1.0 speed
Aspirating 70.0 uL from A7 of Deep well on Magnetic Module on 7 at 1.0 speed
Dispensing 70.0 uL into A7 of Deep well on Magnetic Module on 7 at 1.0 speed
Aspirating 70.0 uL from A7 of Deep well on Magnetic Module on 7 at 1.0 speed
Dispensing 70.0 uL into A7 of Deep well on Magnetic Module on 7 at 1.0 speed
Aspirating 70.0 uL from A7 of Deep well on Magnetic Module on 7 at 1.0 speed
Dispensing 70.0 uL into A7 of Deep well on Magnetic Module on 7 at 1.0 speed
Dispensing 20.0 uL into A7 of Deep well on Magnetic Module on 7 at 1.0 speed
Aspirating 20.0 uL from A7 of Deep well on Magnetic Module on 7 at 1.0 speed
Dropping tip into A1 of Opentrons Fixed Trash on 12
Picking up tip from A11 of Opentrons 96 Tip Rack 300 µL on 6
Aspirating 20.0 uL from A4 of Reagents reservoir on 5 at 1.0 speed
Transferring 180.0 from A4 of Reagents reservoir on 5 to A9 of Deep well on Magnetic Module on 7
	Aspirating 180.0 uL from A4 of Reagents reservoir on 5 at 1.0 speed
	Dispensing 180.0 uL into A9 of Deep well on Magnetic Module on 7 at 1.0 speed
Delaying for 0 minutes and 2 seconds
Dispensing 20.0 uL into A9 of Deep well on Magnetic Module on 7 at 1.0 speed
Aspirating 20.0 uL from A4 of Reagents reservoir on 5 at 1.0 speed
Transferring 100.0 from A4 of Reagents reservoir on 5 to A9 of Deep well on Magnetic Module on 7
	Aspirating 100.0 uL from A4 of Reagents reservoir on 5 at 1.0 speed
	Dispensing 100.0 uL into A9 of Deep well on Magnetic Module on 7 at 1.0 speed
Delaying for 0 minutes and 2 seconds
Dispensing 20.0 uL into A9 of Deep well on Magnetic Module on 7 at 1.0 speed
Aspirating 20.0 uL from A9 of Deep well on Magnetic Module on 7 at 1.0 speed
Aspirating 70.0 uL from A9 of Deep well on Magnetic Module on 7 at 1.0 speed
Dispensing 70.0 uL into A9 of Deep well on Magnetic Module on 7 at 1.0 speed
Aspirating 70.0 uL from A9 of Deep well on Magnetic Module on 7 at 1.0 speed
Dispensing 70.0 uL into A9 of Deep well on Magnetic Module on 7 at 1.0 speed
Aspirating 70.0 uL from A9 of Deep well on Magnetic Module on 7 at 1.0 speed
Dispensing 70.0 uL into A9 of Deep well on Magnetic Module on 7 at 1.0 speed
Aspirating 70.0 uL from A9 of Deep well on Magnetic Module on 7 at 1.0 speed
Dispensing 70.0 uL into A9 of Deep well on Magnetic Module on 7 at 1.0 speed
Dispensing 20.0 uL into A9 of Deep well on Magnetic Module on 7 at 1.0 speed
Aspirating 20.0 uL from A9 of Deep well on Magnetic Module on 7 at 1.0 speed
Dropping tip into A1 of Opentrons Fixed Trash on 12
Picking up tip from A12 of Opentrons 96 Tip Rack 300 µL on 6
Aspirating 20.0 uL from A4 of Reagents reservoir on 5 at 1.0 speed
Transferring 180.0 from A4 of Reagents reservoir on 5 to A11 of Deep well on Magnetic Module on 7
	Aspirating 180.0 uL from A4 of Reagents reservoir on 5 at 1.0 speed
	Dispensing 180.0 uL into A11 of Deep well on Magnetic Module on 7 at 1.0 speed
Delaying for 0 minutes and 2 seconds
Dispensing 20.0 uL into A11 of Deep well on Magnetic Module on 7 at 1.0 speed
Aspirating 20.0 uL from A4 of Reagents reservoir on 5 at 1.0 speed
Transferring 100.0 from A4 of Reagents reservoir on 5 to A11 of Deep well on Magnetic Module on 7
	Aspirating 100.0 uL from A4 of Reagents reservoir on 5 at 1.0 speed
	Dispensing 100.0 uL into A11 of Deep well on Magnetic Module on 7 at 1.0 speed
Delaying for 0 minutes and 2 seconds
Dispensing 20.0 uL into A11 of Deep well on Magnetic Module on 7 at 1.0 speed
Aspirating 20.0 uL from A11 of Deep well on Magnetic Module on 7 at 1.0 speed
Aspirating 70.0 uL from A11 of Deep well on Magnetic Module on 7 at 1.0 speed
Dispensing 70.0 uL into A11 of Deep well on Magnetic Module on 7 at 1.0 speed
Aspirating 70.0 uL from A11 of Deep well on Magnetic Module on 7 at 1.0 speed
Dispensing 70.0 uL into A11 of Deep well on Magnetic Module on 7 at 1.0 speed
Aspirating 70.0 uL from A11 of Deep well on Magnetic Module on 7 at 1.0 speed
Dispensing 70.0 uL into A11 of Deep well on Magnetic Module on 7 at 1.0 speed
Aspirating 70.0 uL from A11 of Deep well on Magnetic Module on 7 at 1.0 speed
Dispensing 70.0 uL into A11 of Deep well on Magnetic Module on 7 at 1.0 speed
Dispensing 20.0 uL into A11 of Deep well on Magnetic Module on 7 at 1.0 speed
Aspirating 20.0 uL from A11 of Deep well on Magnetic Module on 7 at 1.0 speed
Dropping tip into A1 of Opentrons Fixed Trash on 12
Engaging magnet and incubating for 3 minutes
Engaging Magnetic Module
Delaying for 3 minutes and 0 seconds
Removing 280 ul of supernatant (Ethanol 70% (First time)) while magnet is still engaged
Picking up tip from A1 of Opentrons 96 Tip Rack 300 µL on 3
Aspirating 20.0 uL from A1 of Deep well on Magnetic Module on 7 at 1.0 speed
Aspirating 180.0 uL from A1 of Deep well on Magnetic Module on 7 at 1.0 speed
Dispensing 200.0 uL into A3 of Liquid waste reservoir on 11 at 1.0 speed
Delaying for 0 minutes and 2 seconds
Blowing out
Aspirating 20.0 uL from A1 of Deep well on Magnetic Module on 7 at 1.0 speed
Aspirating 100.0 uL from A1 of Deep well on Magnetic Module on 7 at 1.0 speed
Dispensing 200.0 uL into A3 of Liquid waste reservoir on 11 at 1.0 speed
Delaying for 0 minutes and 2 seconds
Blowing out
Aspirating 20.0 uL from A1 of Deep well on Magnetic Module on 7 at 1.0 speed
Dropping tip into A1 of Opentrons Fixed Trash on 12
Picking up tip from A2 of Opentrons 96 Tip Rack 300 µL on 3
Aspirating 20.0 uL from A3 of Deep well on Magnetic Module on 7 at 1.0 speed
Aspirating 180.0 uL from A3 of Deep well on Magnetic Module on 7 at 1.0 speed
Dispensing 200.0 uL into A3 of Liquid waste reservoir on 11 at 1.0 speed
Delaying for 0 minutes and 2 seconds
Blowing out
Aspirating 20.0 uL from A3 of Deep well on Magnetic Module on 7 at 1.0 speed
Aspirating 100.0 uL from A3 of Deep well on Magnetic Module on 7 at 1.0 speed
Dispensing 200.0 uL into A3 of Liquid waste reservoir on 11 at 1.0 speed
Delaying for 0 minutes and 2 seconds
Blowing out
Aspirating 20.0 uL from A3 of Deep well on Magnetic Module on 7 at 1.0 speed
Dropping tip into A1 of Opentrons Fixed Trash on 12
Picking up tip from A3 of Opentrons 96 Tip Rack 300 µL on 3
Aspirating 20.0 uL from A5 of Deep well on Magnetic Module on 7 at 1.0 speed
Aspirating 180.0 uL from A5 of Deep well on Magnetic Module on 7 at 1.0 speed
Dispensing 200.0 uL into A3 of Liquid waste reservoir on 11 at 1.0 speed
Delaying for 0 minutes and 2 seconds
Blowing out
Aspirating 20.0 uL from A5 of Deep well on Magnetic Module on 7 at 1.0 speed
Aspirating 100.0 uL from A5 of Deep well on Magnetic Module on 7 at 1.0 speed
Dispensing 200.0 uL into A3 of Liquid waste reservoir on 11 at 1.0 speed
Delaying for 0 minutes and 2 seconds
Blowing out
Aspirating 20.0 uL from A5 of Deep well on Magnetic Module on 7 at 1.0 speed
Dropping tip into A1 of Opentrons Fixed Trash on 12
Picking up tip from A4 of Opentrons 96 Tip Rack 300 µL on 3
Aspirating 20.0 uL from A7 of Deep well on Magnetic Module on 7 at 1.0 speed
Aspirating 180.0 uL from A7 of Deep well on Magnetic Module on 7 at 1.0 speed
Dispensing 200.0 uL into A3 of Liquid waste reservoir on 11 at 1.0 speed
Delaying for 0 minutes and 2 seconds
Blowing out
Aspirating 20.0 uL from A7 of Deep well on Magnetic Module on 7 at 1.0 speed
Aspirating 100.0 uL from A7 of Deep well on Magnetic Module on 7 at 1.0 speed
Dispensing 200.0 uL into A3 of Liquid waste reservoir on 11 at 1.0 speed
Delaying for 0 minutes and 2 seconds
Blowing out
Aspirating 20.0 uL from A7 of Deep well on Magnetic Module on 7 at 1.0 speed
Dropping tip into A1 of Opentrons Fixed Trash on 12
Picking up tip from A5 of Opentrons 96 Tip Rack 300 µL on 3
Aspirating 20.0 uL from A9 of Deep well on Magnetic Module on 7 at 1.0 speed
Aspirating 180.0 uL from A9 of Deep well on Magnetic Module on 7 at 1.0 speed
Dispensing 200.0 uL into A3 of Liquid waste reservoir on 11 at 1.0 speed
Delaying for 0 minutes and 2 seconds
Blowing out
Aspirating 20.0 uL from A9 of Deep well on Magnetic Module on 7 at 1.0 speed
Aspirating 100.0 uL from A9 of Deep well on Magnetic Module on 7 at 1.0 speed
Dispensing 200.0 uL into A3 of Liquid waste reservoir on 11 at 1.0 speed
Delaying for 0 minutes and 2 seconds
Blowing out
Aspirating 20.0 uL from A9 of Deep well on Magnetic Module on 7 at 1.0 speed
Dropping tip into A1 of Opentrons Fixed Trash on 12
Picking up tip from A6 of Opentrons 96 Tip Rack 300 µL on 3
Aspirating 20.0 uL from A11 of Deep well on Magnetic Module on 7 at 1.0 speed
Aspirating 180.0 uL from A11 of Deep well on Magnetic Module on 7 at 1.0 speed
Dispensing 200.0 uL into A3 of Liquid waste reservoir on 11 at 1.0 speed
Delaying for 0 minutes and 2 seconds
Blowing out
Aspirating 20.0 uL from A11 of Deep well on Magnetic Module on 7 at 1.0 speed
Aspirating 100.0 uL from A11 of Deep well on Magnetic Module on 7 at 1.0 speed
Dispensing 200.0 uL into A3 of Liquid waste reservoir on 11 at 1.0 speed
Delaying for 0 minutes and 2 seconds
Blowing out
Aspirating 20.0 uL from A11 of Deep well on Magnetic Module on 7 at 1.0 speed
Dropping tip into A1 of Opentrons Fixed Trash on 12
Disengaging magnet
Disengaging Magnetic Module
Transfering 280 ul of Ethanol 70% (Second time)
Picking up tip from A7 of Opentrons 96 Tip Rack 300 µL on 3
Aspirating 20.0 uL from A4 of Reagents reservoir on 5 at 1.0 speed
Transferring 180.0 from A4 of Reagents reservoir on 5 to A1 of Deep well on Magnetic Module on 7
	Aspirating 180.0 uL from A4 of Reagents reservoir on 5 at 1.0 speed
	Dispensing 180.0 uL into A1 of Deep well on Magnetic Module on 7 at 1.0 speed
Delaying for 0 minutes and 2 seconds
Dispensing 20.0 uL into A1 of Deep well on Magnetic Module on 7 at 1.0 speed
Aspirating 20.0 uL from A4 of Reagents reservoir on 5 at 1.0 speed
Transferring 100.0 from A4 of Reagents reservoir on 5 to A1 of Deep well on Magnetic Module on 7
	Aspirating 100.0 uL from A4 of Reagents reservoir on 5 at 1.0 speed
	Dispensing 100.0 uL into A1 of Deep well on Magnetic Module on 7 at 1.0 speed
Delaying for 0 minutes and 2 seconds
Dispensing 20.0 uL into A1 of Deep well on Magnetic Module on 7 at 1.0 speed
Aspirating 20.0 uL from A1 of Deep well on Magnetic Module on 7 at 1.0 speed
Aspirating 70.0 uL from A1 of Deep well on Magnetic Module on 7 at 1.0 speed
Dispensing 70.0 uL into A1 of Deep well on Magnetic Module on 7 at 1.0 speed
Aspirating 70.0 uL from A1 of Deep well on Magnetic Module on 7 at 1.0 speed
Dispensing 70.0 uL into A1 of Deep well on Magnetic Module on 7 at 1.0 speed
Aspirating 70.0 uL from A1 of Deep well on Magnetic Module on 7 at 1.0 speed
Dispensing 70.0 uL into A1 of Deep well on Magnetic Module on 7 at 1.0 speed
Aspirating 70.0 uL from A1 of Deep well on Magnetic Module on 7 at 1.0 speed
Dispensing 70.0 uL into A1 of Deep well on Magnetic Module on 7 at 1.0 speed
Dispensing 20.0 uL into A1 of Deep well on Magnetic Module on 7 at 1.0 speed
Aspirating 20.0 uL from A1 of Deep well on Magnetic Module on 7 at 1.0 speed
Dropping tip into A1 of Opentrons Fixed Trash on 12
Picking up tip from A8 of Opentrons 96 Tip Rack 300 µL on 3
Aspirating 20.0 uL from A4 of Reagents reservoir on 5 at 1.0 speed
Transferring 180.0 from A4 of Reagents reservoir on 5 to A3 of Deep well on Magnetic Module on 7
	Aspirating 180.0 uL from A4 of Reagents reservoir on 5 at 1.0 speed
	Dispensing 180.0 uL into A3 of Deep well on Magnetic Module on 7 at 1.0 speed
Delaying for 0 minutes and 2 seconds
Dispensing 20.0 uL into A3 of Deep well on Magnetic Module on 7 at 1.0 speed
Aspirating 20.0 uL from A4 of Reagents reservoir on 5 at 1.0 speed
Transferring 100.0 from A4 of Reagents reservoir on 5 to A3 of Deep well on Magnetic Module on 7
	Aspirating 100.0 uL from A4 of Reagents reservoir on 5 at 1.0 speed
	Dispensing 100.0 uL into A3 of Deep well on Magnetic Module on 7 at 1.0 speed
Delaying for 0 minutes and 2 seconds
Dispensing 20.0 uL into A3 of Deep well on Magnetic Module on 7 at 1.0 speed
Aspirating 20.0 uL from A3 of Deep well on Magnetic Module on 7 at 1.0 speed
Aspirating 70.0 uL from A3 of Deep well on Magnetic Module on 7 at 1.0 speed
Dispensing 70.0 uL into A3 of Deep well on Magnetic Module on 7 at 1.0 speed
Aspirating 70.0 uL from A3 of Deep well on Magnetic Module on 7 at 1.0 speed
Dispensing 70.0 uL into A3 of Deep well on Magnetic Module on 7 at 1.0 speed
Aspirating 70.0 uL from A3 of Deep well on Magnetic Module on 7 at 1.0 speed
Dispensing 70.0 uL into A3 of Deep well on Magnetic Module on 7 at 1.0 speed
Aspirating 70.0 uL from A3 of Deep well on Magnetic Module on 7 at 1.0 speed
Dispensing 70.0 uL into A3 of Deep well on Magnetic Module on 7 at 1.0 speed
Dispensing 20.0 uL into A3 of Deep well on Magnetic Module on 7 at 1.0 speed
Aspirating 20.0 uL from A3 of Deep well on Magnetic Module on 7 at 1.0 speed
Dropping tip into A1 of Opentrons Fixed Trash on 12
Picking up tip from A9 of Opentrons 96 Tip Rack 300 µL on 3
Aspirating 20.0 uL from A4 of Reagents reservoir on 5 at 1.0 speed
Transferring 180.0 from A4 of Reagents reservoir on 5 to A5 of Deep well on Magnetic Module on 7
	Aspirating 180.0 uL from A4 of Reagents reservoir on 5 at 1.0 speed
	Dispensing 180.0 uL into A5 of Deep well on Magnetic Module on 7 at 1.0 speed
Delaying for 0 minutes and 2 seconds
Dispensing 20.0 uL into A5 of Deep well on Magnetic Module on 7 at 1.0 speed
Aspirating 20.0 uL from A4 of Reagents reservoir on 5 at 1.0 speed
Transferring 100.0 from A4 of Reagents reservoir on 5 to A5 of Deep well on Magnetic Module on 7
	Aspirating 100.0 uL from A4 of Reagents reservoir on 5 at 1.0 speed
	Dispensing 100.0 uL into A5 of Deep well on Magnetic Module on 7 at 1.0 speed
Delaying for 0 minutes and 2 seconds
Dispensing 20.0 uL into A5 of Deep well on Magnetic Module on 7 at 1.0 speed
Aspirating 20.0 uL from A5 of Deep well on Magnetic Module on 7 at 1.0 speed
Aspirating 70.0 uL from A5 of Deep well on Magnetic Module on 7 at 1.0 speed
Dispensing 70.0 uL into A5 of Deep well on Magnetic Module on 7 at 1.0 speed
Aspirating 70.0 uL from A5 of Deep well on Magnetic Module on 7 at 1.0 speed
Dispensing 70.0 uL into A5 of Deep well on Magnetic Module on 7 at 1.0 speed
Aspirating 70.0 uL from A5 of Deep well on Magnetic Module on 7 at 1.0 speed
Dispensing 70.0 uL into A5 of Deep well on Magnetic Module on 7 at 1.0 speed
Aspirating 70.0 uL from A5 of Deep well on Magnetic Module on 7 at 1.0 speed
Dispensing 70.0 uL into A5 of Deep well on Magnetic Module on 7 at 1.0 speed
Dispensing 20.0 uL into A5 of Deep well on Magnetic Module on 7 at 1.0 speed
Aspirating 20.0 uL from A5 of Deep well on Magnetic Module on 7 at 1.0 speed
Dropping tip into A1 of Opentrons Fixed Trash on 12
Picking up tip from A10 of Opentrons 96 Tip Rack 300 µL on 3
Aspirating 20.0 uL from A4 of Reagents reservoir on 5 at 1.0 speed
Transferring 180.0 from A4 of Reagents reservoir on 5 to A7 of Deep well on Magnetic Module on 7
	Aspirating 180.0 uL from A4 of Reagents reservoir on 5 at 1.0 speed
	Dispensing 180.0 uL into A7 of Deep well on Magnetic Module on 7 at 1.0 speed
Delaying for 0 minutes and 2 seconds
Dispensing 20.0 uL into A7 of Deep well on Magnetic Module on 7 at 1.0 speed
Aspirating 20.0 uL from A4 of Reagents reservoir on 5 at 1.0 speed
Transferring 100.0 from A4 of Reagents reservoir on 5 to A7 of Deep well on Magnetic Module on 7
	Aspirating 100.0 uL from A4 of Reagents reservoir on 5 at 1.0 speed
	Dispensing 100.0 uL into A7 of Deep well on Magnetic Module on 7 at 1.0 speed
Delaying for 0 minutes and 2 seconds
Dispensing 20.0 uL into A7 of Deep well on Magnetic Module on 7 at 1.0 speed
Aspirating 20.0 uL from A7 of Deep well on Magnetic Module on 7 at 1.0 speed
Aspirating 70.0 uL from A7 of Deep well on Magnetic Module on 7 at 1.0 speed
Dispensing 70.0 uL into A7 of Deep well on Magnetic Module on 7 at 1.0 speed
Aspirating 70.0 uL from A7 of Deep well on Magnetic Module on 7 at 1.0 speed
Dispensing 70.0 uL into A7 of Deep well on Magnetic Module on 7 at 1.0 speed
Aspirating 70.0 uL from A7 of Deep well on Magnetic Module on 7 at 1.0 speed
Dispensing 70.0 uL into A7 of Deep well on Magnetic Module on 7 at 1.0 speed
Aspirating 70.0 uL from A7 of Deep well on Magnetic Module on 7 at 1.0 speed
Dispensing 70.0 uL into A7 of Deep well on Magnetic Module on 7 at 1.0 speed
Dispensing 20.0 uL into A7 of Deep well on Magnetic Module on 7 at 1.0 speed
Aspirating 20.0 uL from A7 of Deep well on Magnetic Module on 7 at 1.0 speed
Dropping tip into A1 of Opentrons Fixed Trash on 12
Picking up tip from A11 of Opentrons 96 Tip Rack 300 µL on 3
Aspirating 20.0 uL from A4 of Reagents reservoir on 5 at 1.0 speed
Transferring 180.0 from A4 of Reagents reservoir on 5 to A9 of Deep well on Magnetic Module on 7
	Aspirating 180.0 uL from A4 of Reagents reservoir on 5 at 1.0 speed
	Dispensing 180.0 uL into A9 of Deep well on Magnetic Module on 7 at 1.0 speed
Delaying for 0 minutes and 2 seconds
Dispensing 20.0 uL into A9 of Deep well on Magnetic Module on 7 at 1.0 speed
Aspirating 20.0 uL from A4 of Reagents reservoir on 5 at 1.0 speed
Transferring 100.0 from A4 of Reagents reservoir on 5 to A9 of Deep well on Magnetic Module on 7
	Aspirating 100.0 uL from A4 of Reagents reservoir on 5 at 1.0 speed
	Dispensing 100.0 uL into A9 of Deep well on Magnetic Module on 7 at 1.0 speed
Delaying for 0 minutes and 2 seconds
Dispensing 20.0 uL into A9 of Deep well on Magnetic Module on 7 at 1.0 speed
Aspirating 20.0 uL from A9 of Deep well on Magnetic Module on 7 at 1.0 speed
Aspirating 70.0 uL from A9 of Deep well on Magnetic Module on 7 at 1.0 speed
Dispensing 70.0 uL into A9 of Deep well on Magnetic Module on 7 at 1.0 speed
Aspirating 70.0 uL from A9 of Deep well on Magnetic Module on 7 at 1.0 speed
Dispensing 70.0 uL into A9 of Deep well on Magnetic Module on 7 at 1.0 speed
Aspirating 70.0 uL from A9 of Deep well on Magnetic Module on 7 at 1.0 speed
Dispensing 70.0 uL into A9 of Deep well on Magnetic Module on 7 at 1.0 speed
Aspirating 70.0 uL from A9 of Deep well on Magnetic Module on 7 at 1.0 speed
Dispensing 70.0 uL into A9 of Deep well on Magnetic Module on 7 at 1.0 speed
Dispensing 20.0 uL into A9 of Deep well on Magnetic Module on 7 at 1.0 speed
Aspirating 20.0 uL from A9 of Deep well on Magnetic Module on 7 at 1.0 speed
Dropping tip into A1 of Opentrons Fixed Trash on 12
Picking up tip from A12 of Opentrons 96 Tip Rack 300 µL on 3
Aspirating 20.0 uL from A4 of Reagents reservoir on 5 at 1.0 speed
Transferring 180.0 from A4 of Reagents reservoir on 5 to A11 of Deep well on Magnetic Module on 7
	Aspirating 180.0 uL from A4 of Reagents reservoir on 5 at 1.0 speed
	Dispensing 180.0 uL into A11 of Deep well on Magnetic Module on 7 at 1.0 speed
Delaying for 0 minutes and 2 seconds
Dispensing 20.0 uL into A11 of Deep well on Magnetic Module on 7 at 1.0 speed
Aspirating 20.0 uL from A4 of Reagents reservoir on 5 at 1.0 speed
Transferring 100.0 from A4 of Reagents reservoir on 5 to A11 of Deep well on Magnetic Module on 7
	Aspirating 100.0 uL from A4 of Reagents reservoir on 5 at 1.0 speed
	Dispensing 100.0 uL into A11 of Deep well on Magnetic Module on 7 at 1.0 speed
Delaying for 0 minutes and 2 seconds
Dispensing 20.0 uL into A11 of Deep well on Magnetic Module on 7 at 1.0 speed
Aspirating 20.0 uL from A11 of Deep well on Magnetic Module on 7 at 1.0 speed
Aspirating 70.0 uL from A11 of Deep well on Magnetic Module on 7 at 1.0 speed
Dispensing 70.0 uL into A11 of Deep well on Magnetic Module on 7 at 1.0 speed
Aspirating 70.0 uL from A11 of Deep well on Magnetic Module on 7 at 1.0 speed
Dispensing 70.0 uL into A11 of Deep well on Magnetic Module on 7 at 1.0 speed
Aspirating 70.0 uL from A11 of Deep well on Magnetic Module on 7 at 1.0 speed
Dispensing 70.0 uL into A11 of Deep well on Magnetic Module on 7 at 1.0 speed
Aspirating 70.0 uL from A11 of Deep well on Magnetic Module on 7 at 1.0 speed
Dispensing 70.0 uL into A11 of Deep well on Magnetic Module on 7 at 1.0 speed
Dispensing 20.0 uL into A11 of Deep well on Magnetic Module on 7 at 1.0 speed
Aspirating 20.0 uL from A11 of Deep well on Magnetic Module on 7 at 1.0 speed
Dropping tip into A1 of Opentrons Fixed Trash on 12
Engaging magnet and incubating for 3 minutes
Engaging Magnetic Module
Delaying for 3 minutes and 0 seconds
Removing 280 ul of supernatant (Ethanol 70% (Second time)) while magnet is still engaged
Picking up tip from A1 of Opentrons 96 Tip Rack 300 µL on 2
Aspirating 20.0 uL from A1 of Deep well on Magnetic Module on 7 at 1.0 speed
Aspirating 180.0 uL from A1 of Deep well on Magnetic Module on 7 at 1.0 speed
Dispensing 200.0 uL into A4 of Liquid waste reservoir on 11 at 1.0 speed
Delaying for 0 minutes and 2 seconds
Blowing out
Aspirating 20.0 uL from A1 of Deep well on Magnetic Module on 7 at 1.0 speed
Aspirating 100.0 uL from A1 of Deep well on Magnetic Module on 7 at 1.0 speed
Dispensing 200.0 uL into A4 of Liquid waste reservoir on 11 at 1.0 speed
Delaying for 0 minutes and 2 seconds
Blowing out
Aspirating 20.0 uL from A1 of Deep well on Magnetic Module on 7 at 1.0 speed
Dropping tip into A1 of Opentrons Fixed Trash on 12
Picking up tip from A2 of Opentrons 96 Tip Rack 300 µL on 2
Aspirating 20.0 uL from A3 of Deep well on Magnetic Module on 7 at 1.0 speed
Aspirating 180.0 uL from A3 of Deep well on Magnetic Module on 7 at 1.0 speed
Dispensing 200.0 uL into A4 of Liquid waste reservoir on 11 at 1.0 speed
Delaying for 0 minutes and 2 seconds
Blowing out
Aspirating 20.0 uL from A3 of Deep well on Magnetic Module on 7 at 1.0 speed
Aspirating 100.0 uL from A3 of Deep well on Magnetic Module on 7 at 1.0 speed
Dispensing 200.0 uL into A4 of Liquid waste reservoir on 11 at 1.0 speed
Delaying for 0 minutes and 2 seconds
Blowing out
Aspirating 20.0 uL from A3 of Deep well on Magnetic Module on 7 at 1.0 speed
Dropping tip into A1 of Opentrons Fixed Trash on 12
Picking up tip from A3 of Opentrons 96 Tip Rack 300 µL on 2
Aspirating 20.0 uL from A5 of Deep well on Magnetic Module on 7 at 1.0 speed
Aspirating 180.0 uL from A5 of Deep well on Magnetic Module on 7 at 1.0 speed
Dispensing 200.0 uL into A4 of Liquid waste reservoir on 11 at 1.0 speed
Delaying for 0 minutes and 2 seconds
Blowing out
Aspirating 20.0 uL from A5 of Deep well on Magnetic Module on 7 at 1.0 speed
Aspirating 100.0 uL from A5 of Deep well on Magnetic Module on 7 at 1.0 speed
Dispensing 200.0 uL into A4 of Liquid waste reservoir on 11 at 1.0 speed
Delaying for 0 minutes and 2 seconds
Blowing out
Aspirating 20.0 uL from A5 of Deep well on Magnetic Module on 7 at 1.0 speed
Dropping tip into A1 of Opentrons Fixed Trash on 12
Picking up tip from A4 of Opentrons 96 Tip Rack 300 µL on 2
Aspirating 20.0 uL from A7 of Deep well on Magnetic Module on 7 at 1.0 speed
Aspirating 180.0 uL from A7 of Deep well on Magnetic Module on 7 at 1.0 speed
Dispensing 200.0 uL into A4 of Liquid waste reservoir on 11 at 1.0 speed
Delaying for 0 minutes and 2 seconds
Blowing out
Aspirating 20.0 uL from A7 of Deep well on Magnetic Module on 7 at 1.0 speed
Aspirating 100.0 uL from A7 of Deep well on Magnetic Module on 7 at 1.0 speed
Dispensing 200.0 uL into A4 of Liquid waste reservoir on 11 at 1.0 speed
Delaying for 0 minutes and 2 seconds
Blowing out
Aspirating 20.0 uL from A7 of Deep well on Magnetic Module on 7 at 1.0 speed
Dropping tip into A1 of Opentrons Fixed Trash on 12
Picking up tip from A5 of Opentrons 96 Tip Rack 300 µL on 2
Aspirating 20.0 uL from A9 of Deep well on Magnetic Module on 7 at 1.0 speed
Aspirating 180.0 uL from A9 of Deep well on Magnetic Module on 7 at 1.0 speed
Dispensing 200.0 uL into A4 of Liquid waste reservoir on 11 at 1.0 speed
Delaying for 0 minutes and 2 seconds
Blowing out
Aspirating 20.0 uL from A9 of Deep well on Magnetic Module on 7 at 1.0 speed
Aspirating 100.0 uL from A9 of Deep well on Magnetic Module on 7 at 1.0 speed
Dispensing 200.0 uL into A4 of Liquid waste reservoir on 11 at 1.0 speed
Delaying for 0 minutes and 2 seconds
Blowing out
Aspirating 20.0 uL from A9 of Deep well on Magnetic Module on 7 at 1.0 speed
Dropping tip into A1 of Opentrons Fixed Trash on 12
Picking up tip from A6 of Opentrons 96 Tip Rack 300 µL on 2
Aspirating 20.0 uL from A11 of Deep well on Magnetic Module on 7 at 1.0 speed
Aspirating 180.0 uL from A11 of Deep well on Magnetic Module on 7 at 1.0 speed
Dispensing 200.0 uL into A4 of Liquid waste reservoir on 11 at 1.0 speed
Delaying for 0 minutes and 2 seconds
Blowing out
Aspirating 20.0 uL from A11 of Deep well on Magnetic Module on 7 at 1.0 speed
Aspirating 100.0 uL from A11 of Deep well on Magnetic Module on 7 at 1.0 speed
Dispensing 200.0 uL into A4 of Liquid waste reservoir on 11 at 1.0 speed
Delaying for 0 minutes and 2 seconds
Blowing out
Aspirating 20.0 uL from A11 of Deep well on Magnetic Module on 7 at 1.0 speed
Dropping tip into A1 of Opentrons Fixed Trash on 12
This time, I do not disengage the magnet and let the beads dry for 5 min
Delaying for 5 minutes and 0 seconds
Disengaging magnet
Disengaging Magnetic Module
Diluting samples in 80 ul of RNAse free water
Transfering 80 ul of RNAse-free water
Picking up tip from A7 of Opentrons 96 Tip Rack 300 µL on 2
Aspirating 20.0 uL from A5 of Reagents reservoir on 5 at 1.0 speed
Transferring 80.0 from A5 of Reagents reservoir on 5 to A1 of Deep well on Magnetic Module on 7
	Aspirating 80.0 uL from A5 of Reagents reservoir on 5 at 1.0 speed
	Dispensing 80.0 uL into A1 of Deep well on Magnetic Module on 7 at 1.0 speed
Delaying for 0 minutes and 2 seconds
Dispensing 20.0 uL into A1 of Deep well on Magnetic Module on 7 at 1.0 speed
Aspirating 20.0 uL from A1 of Deep well on Magnetic Module on 7 at 1.0 speed
Aspirating 70.0 uL from A1 of Deep well on Magnetic Module on 7 at 1.0 speed
Dispensing 70.0 uL into A1 of Deep well on Magnetic Module on 7 at 1.0 speed
Aspirating 70.0 uL from A1 of Deep well on Magnetic Module on 7 at 1.0 speed
Dispensing 70.0 uL into A1 of Deep well on Magnetic Module on 7 at 1.0 speed
Aspirating 70.0 uL from A1 of Deep well on Magnetic Module on 7 at 1.0 speed
Dispensing 70.0 uL into A1 of Deep well on Magnetic Module on 7 at 1.0 speed
Aspirating 70.0 uL from A1 of Deep well on Magnetic Module on 7 at 1.0 speed
Dispensing 70.0 uL into A1 of Deep well on Magnetic Module on 7 at 1.0 speed
Dispensing 20.0 uL into A1 of Deep well on Magnetic Module on 7 at 1.0 speed
Aspirating 20.0 uL from A1 of Deep well on Magnetic Module on 7 at 1.0 speed
Dropping tip into A1 of Opentrons Fixed Trash on 12
Picking up tip from A8 of Opentrons 96 Tip Rack 300 µL on 2
Aspirating 20.0 uL from A5 of Reagents reservoir on 5 at 1.0 speed
Transferring 80.0 from A5 of Reagents reservoir on 5 to A3 of Deep well on Magnetic Module on 7
	Aspirating 80.0 uL from A5 of Reagents reservoir on 5 at 1.0 speed
	Dispensing 80.0 uL into A3 of Deep well on Magnetic Module on 7 at 1.0 speed
Delaying for 0 minutes and 2 seconds
Dispensing 20.0 uL into A3 of Deep well on Magnetic Module on 7 at 1.0 speed
Aspirating 20.0 uL from A3 of Deep well on Magnetic Module on 7 at 1.0 speed
Aspirating 70.0 uL from A3 of Deep well on Magnetic Module on 7 at 1.0 speed
Dispensing 70.0 uL into A3 of Deep well on Magnetic Module on 7 at 1.0 speed
Aspirating 70.0 uL from A3 of Deep well on Magnetic Module on 7 at 1.0 speed
Dispensing 70.0 uL into A3 of Deep well on Magnetic Module on 7 at 1.0 speed
Aspirating 70.0 uL from A3 of Deep well on Magnetic Module on 7 at 1.0 speed
Dispensing 70.0 uL into A3 of Deep well on Magnetic Module on 7 at 1.0 speed
Aspirating 70.0 uL from A3 of Deep well on Magnetic Module on 7 at 1.0 speed
Dispensing 70.0 uL into A3 of Deep well on Magnetic Module on 7 at 1.0 speed
Dispensing 20.0 uL into A3 of Deep well on Magnetic Module on 7 at 1.0 speed
Aspirating 20.0 uL from A3 of Deep well on Magnetic Module on 7 at 1.0 speed
Dropping tip into A1 of Opentrons Fixed Trash on 12
Picking up tip from A9 of Opentrons 96 Tip Rack 300 µL on 2
Aspirating 20.0 uL from A5 of Reagents reservoir on 5 at 1.0 speed
Transferring 80.0 from A5 of Reagents reservoir on 5 to A5 of Deep well on Magnetic Module on 7
	Aspirating 80.0 uL from A5 of Reagents reservoir on 5 at 1.0 speed
	Dispensing 80.0 uL into A5 of Deep well on Magnetic Module on 7 at 1.0 speed
Delaying for 0 minutes and 2 seconds
Dispensing 20.0 uL into A5 of Deep well on Magnetic Module on 7 at 1.0 speed
Aspirating 20.0 uL from A5 of Deep well on Magnetic Module on 7 at 1.0 speed
Aspirating 70.0 uL from A5 of Deep well on Magnetic Module on 7 at 1.0 speed
Dispensing 70.0 uL into A5 of Deep well on Magnetic Module on 7 at 1.0 speed
Aspirating 70.0 uL from A5 of Deep well on Magnetic Module on 7 at 1.0 speed
Dispensing 70.0 uL into A5 of Deep well on Magnetic Module on 7 at 1.0 speed
Aspirating 70.0 uL from A5 of Deep well on Magnetic Module on 7 at 1.0 speed
Dispensing 70.0 uL into A5 of Deep well on Magnetic Module on 7 at 1.0 speed
Aspirating 70.0 uL from A5 of Deep well on Magnetic Module on 7 at 1.0 speed
Dispensing 70.0 uL into A5 of Deep well on Magnetic Module on 7 at 1.0 speed
Dispensing 20.0 uL into A5 of Deep well on Magnetic Module on 7 at 1.0 speed
Aspirating 20.0 uL from A5 of Deep well on Magnetic Module on 7 at 1.0 speed
Dropping tip into A1 of Opentrons Fixed Trash on 12
Picking up tip from A10 of Opentrons 96 Tip Rack 300 µL on 2
Aspirating 20.0 uL from A5 of Reagents reservoir on 5 at 1.0 speed
Transferring 80.0 from A5 of Reagents reservoir on 5 to A7 of Deep well on Magnetic Module on 7
	Aspirating 80.0 uL from A5 of Reagents reservoir on 5 at 1.0 speed
	Dispensing 80.0 uL into A7 of Deep well on Magnetic Module on 7 at 1.0 speed
Delaying for 0 minutes and 2 seconds
Dispensing 20.0 uL into A7 of Deep well on Magnetic Module on 7 at 1.0 speed
Aspirating 20.0 uL from A7 of Deep well on Magnetic Module on 7 at 1.0 speed
Aspirating 70.0 uL from A7 of Deep well on Magnetic Module on 7 at 1.0 speed
Dispensing 70.0 uL into A7 of Deep well on Magnetic Module on 7 at 1.0 speed
Aspirating 70.0 uL from A7 of Deep well on Magnetic Module on 7 at 1.0 speed
Dispensing 70.0 uL into A7 of Deep well on Magnetic Module on 7 at 1.0 speed
Aspirating 70.0 uL from A7 of Deep well on Magnetic Module on 7 at 1.0 speed
Dispensing 70.0 uL into A7 of Deep well on Magnetic Module on 7 at 1.0 speed
Aspirating 70.0 uL from A7 of Deep well on Magnetic Module on 7 at 1.0 speed
Dispensing 70.0 uL into A7 of Deep well on Magnetic Module on 7 at 1.0 speed
Dispensing 20.0 uL into A7 of Deep well on Magnetic Module on 7 at 1.0 speed
Aspirating 20.0 uL from A7 of Deep well on Magnetic Module on 7 at 1.0 speed
Dropping tip into A1 of Opentrons Fixed Trash on 12
Picking up tip from A11 of Opentrons 96 Tip Rack 300 µL on 2
Aspirating 20.0 uL from A5 of Reagents reservoir on 5 at 1.0 speed
Transferring 80.0 from A5 of Reagents reservoir on 5 to A9 of Deep well on Magnetic Module on 7
	Aspirating 80.0 uL from A5 of Reagents reservoir on 5 at 1.0 speed
	Dispensing 80.0 uL into A9 of Deep well on Magnetic Module on 7 at 1.0 speed
Delaying for 0 minutes and 2 seconds
Dispensing 20.0 uL into A9 of Deep well on Magnetic Module on 7 at 1.0 speed
Aspirating 20.0 uL from A9 of Deep well on Magnetic Module on 7 at 1.0 speed
Aspirating 70.0 uL from A9 of Deep well on Magnetic Module on 7 at 1.0 speed
Dispensing 70.0 uL into A9 of Deep well on Magnetic Module on 7 at 1.0 speed
Aspirating 70.0 uL from A9 of Deep well on Magnetic Module on 7 at 1.0 speed
Dispensing 70.0 uL into A9 of Deep well on Magnetic Module on 7 at 1.0 speed
Aspirating 70.0 uL from A9 of Deep well on Magnetic Module on 7 at 1.0 speed
Dispensing 70.0 uL into A9 of Deep well on Magnetic Module on 7 at 1.0 speed
Aspirating 70.0 uL from A9 of Deep well on Magnetic Module on 7 at 1.0 speed
Dispensing 70.0 uL into A9 of Deep well on Magnetic Module on 7 at 1.0 speed
Dispensing 20.0 uL into A9 of Deep well on Magnetic Module on 7 at 1.0 speed
Aspirating 20.0 uL from A9 of Deep well on Magnetic Module on 7 at 1.0 speed
Dropping tip into A1 of Opentrons Fixed Trash on 12
Picking up tip from A12 of Opentrons 96 Tip Rack 300 µL on 2
Aspirating 20.0 uL from A5 of Reagents reservoir on 5 at 1.0 speed
Transferring 80.0 from A5 of Reagents reservoir on 5 to A11 of Deep well on Magnetic Module on 7
	Aspirating 80.0 uL from A5 of Reagents reservoir on 5 at 1.0 speed
	Dispensing 80.0 uL into A11 of Deep well on Magnetic Module on 7 at 1.0 speed
Delaying for 0 minutes and 2 seconds
Dispensing 20.0 uL into A11 of Deep well on Magnetic Module on 7 at 1.0 speed
Aspirating 20.0 uL from A11 of Deep well on Magnetic Module on 7 at 1.0 speed
Aspirating 70.0 uL from A11 of Deep well on Magnetic Module on 7 at 1.0 speed
Dispensing 70.0 uL into A11 of Deep well on Magnetic Module on 7 at 1.0 speed
Aspirating 70.0 uL from A11 of Deep well on Magnetic Module on 7 at 1.0 speed
Dispensing 70.0 uL into A11 of Deep well on Magnetic Module on 7 at 1.0 speed
Aspirating 70.0 uL from A11 of Deep well on Magnetic Module on 7 at 1.0 speed
Dispensing 70.0 uL into A11 of Deep well on Magnetic Module on 7 at 1.0 speed
Aspirating 70.0 uL from A11 of Deep well on Magnetic Module on 7 at 1.0 speed
Dispensing 70.0 uL into A11 of Deep well on Magnetic Module on 7 at 1.0 speed
Dispensing 20.0 uL into A11 of Deep well on Magnetic Module on 7 at 1.0 speed
Aspirating 20.0 uL from A11 of Deep well on Magnetic Module on 7 at 1.0 speed
Dropping tip into A1 of Opentrons Fixed Trash on 12
Engaging magnet and incubating for 1 minutes
Engaging Magnetic Module
Delaying for 1 minutes and 0 seconds
Transfering DNA to output plate
Disengaging Magnetic Module
Picking up tip from A1 of Opentrons 96 Tip Rack 300 µL on 1
Aspirating 20.0 uL from A1 of Deep well on Magnetic Module on 7 at 1.0 speed
Transferring 80.0 from A1 of Deep well on Magnetic Module on 7 to A1 of Output plate on 4
	Aspirating 80.0 uL from A1 of Deep well on Magnetic Module on 7 at 1.0 speed
	Dispensing 80.0 uL into A1 of Output plate on 4 at 1.0 speed
Delaying for 0 minutes and 2 seconds
Dispensing 20.0 uL into A1 of Output plate on 4 at 1.0 speed
Aspirating 20.0 uL from A1 of Deep well on Magnetic Module on 7 at 1.0 speed
Dropping tip into A1 of Opentrons Fixed Trash on 12
Picking up tip from A2 of Opentrons 96 Tip Rack 300 µL on 1
Aspirating 20.0 uL from A3 of Deep well on Magnetic Module on 7 at 1.0 speed
Transferring 80.0 from A3 of Deep well on Magnetic Module on 7 to A3 of Output plate on 4
	Aspirating 80.0 uL from A3 of Deep well on Magnetic Module on 7 at 1.0 speed
	Dispensing 80.0 uL into A3 of Output plate on 4 at 1.0 speed
Delaying for 0 minutes and 2 seconds
Dispensing 20.0 uL into A3 of Output plate on 4 at 1.0 speed
Aspirating 20.0 uL from A3 of Deep well on Magnetic Module on 7 at 1.0 speed
Dropping tip into A1 of Opentrons Fixed Trash on 12
Picking up tip from A3 of Opentrons 96 Tip Rack 300 µL on 1
Aspirating 20.0 uL from A5 of Deep well on Magnetic Module on 7 at 1.0 speed
Transferring 80.0 from A5 of Deep well on Magnetic Module on 7 to A5 of Output plate on 4
	Aspirating 80.0 uL from A5 of Deep well on Magnetic Module on 7 at 1.0 speed
	Dispensing 80.0 uL into A5 of Output plate on 4 at 1.0 speed
Delaying for 0 minutes and 2 seconds
Dispensing 20.0 uL into A5 of Output plate on 4 at 1.0 speed
Aspirating 20.0 uL from A5 of Deep well on Magnetic Module on 7 at 1.0 speed
Dropping tip into A1 of Opentrons Fixed Trash on 12
Picking up tip from A4 of Opentrons 96 Tip Rack 300 µL on 1
Aspirating 20.0 uL from A7 of Deep well on Magnetic Module on 7 at 1.0 speed
Transferring 80.0 from A7 of Deep well on Magnetic Module on 7 to A7 of Output plate on 4
	Aspirating 80.0 uL from A7 of Deep well on Magnetic Module on 7 at 1.0 speed
	Dispensing 80.0 uL into A7 of Output plate on 4 at 1.0 speed
Delaying for 0 minutes and 2 seconds
Dispensing 20.0 uL into A7 of Output plate on 4 at 1.0 speed
Aspirating 20.0 uL from A7 of Deep well on Magnetic Module on 7 at 1.0 speed
Dropping tip into A1 of Opentrons Fixed Trash on 12
Picking up tip from A5 of Opentrons 96 Tip Rack 300 µL on 1
Aspirating 20.0 uL from A9 of Deep well on Magnetic Module on 7 at 1.0 speed
Transferring 80.0 from A9 of Deep well on Magnetic Module on 7 to A9 of Output plate on 4
	Aspirating 80.0 uL from A9 of Deep well on Magnetic Module on 7 at 1.0 speed
	Dispensing 80.0 uL into A9 of Output plate on 4 at 1.0 speed
Delaying for 0 minutes and 2 seconds
Dispensing 20.0 uL into A9 of Output plate on 4 at 1.0 speed
Aspirating 20.0 uL from A9 of Deep well on Magnetic Module on 7 at 1.0 speed
Dropping tip into A1 of Opentrons Fixed Trash on 12
Picking up tip from A6 of Opentrons 96 Tip Rack 300 µL on 1
Aspirating 20.0 uL from A11 of Deep well on Magnetic Module on 7 at 1.0 speed
Transferring 80.0 from A11 of Deep well on Magnetic Module on 7 to A11 of Output plate on 4
	Aspirating 80.0 uL from A11 of Deep well on Magnetic Module on 7 at 1.0 speed
	Dispensing 80.0 uL into A11 of Output plate on 4 at 1.0 speed
Delaying for 0 minutes and 2 seconds
Dispensing 20.0 uL into A11 of Output plate on 4 at 1.0 speed
Aspirating 20.0 uL from A11 of Deep well on Magnetic Module on 7 at 1.0 speed
Dropping tip into A1 of Opentrons Fixed Trash on 12
Hecho!
