Loading json containers...
Json container file load complete, listing database
Found 0 containers to add. Starting migration...
Database migration complete!
We are working with column IDs: ['A1']


Samples should have an initual volume of 140ul


ADDING STEP: Transfering 112 ul of Proteinase K/LBF to samples
Picking up tip from A12 of Opentrons 96 Tip Rack 300 µL on 2
Aspirating 20.0 uL from A12 of Opentrons 96 Tip Rack 300 µL on 2 at 1.0 speed
Dispensing 20.0 uL into A1 of Reagents reservoir on 5 at 1.0 speed
Transferring 112.0 from A1 of Reagents reservoir on 5 to A1 of Deep well on Magnetic Module on 6
	Aspirating 112.0 uL from A1 of Reagents reservoir on 5 at 1.0 speed
	Dispensing 112.0 uL into A1 of Deep well on Magnetic Module on 6 at 1.0 speed
Delaying for 0 minutes and 2 seconds
Dispensing 20.0 uL into A1 of Deep well on Magnetic Module on 6 at 1.0 speed
Aspirating 100.0 uL from A1 of Deep well on Magnetic Module on 6 at 1.0 speed
Dispensing 100.0 uL into A1 of Deep well on Magnetic Module on 6 at 1.0 speed
Aspirating 100.0 uL from A1 of Deep well on Magnetic Module on 6 at 1.0 speed
Dispensing 100.0 uL into A1 of Deep well on Magnetic Module on 6 at 1.0 speed
Aspirating 100.0 uL from A1 of Deep well on Magnetic Module on 6 at 1.0 speed
Dispensing 100.0 uL into A1 of Deep well on Magnetic Module on 6 at 1.0 speed
Aspirating 100.0 uL from A1 of Deep well on Magnetic Module on 6 at 1.0 speed
Dispensing 100.0 uL into A1 of Deep well on Magnetic Module on 6 at 1.0 speed
Dispensing 20.0 uL into A1 of Deep well on Magnetic Module on 6 at 1.0 speed
Dropping tip into A1 of Opentrons Fixed Trash on 12
Incubating for 10 minutes
Delaying for 10 minutes and 0 seconds


Enough incubation, time to do s t u f f


ADDING STEP: Transfering 144 ul of Magnetic beads to samples
Picking up tip from A11 of Opentrons 96 Tip Rack 300 µL on 2
Aspirating 20.0 uL from A11 of Opentrons 96 Tip Rack 300 µL on 2 at 1.0 speed
Mixing magnetic beads
Aspirating 200.0 uL from A2 of Reagents reservoir on 5 at 1.0 speed
Dispensing 200.0 uL into A2 of Reagents reservoir on 5 at 1.0 speed
Aspirating 200.0 uL from A2 of Reagents reservoir on 5 at 1.0 speed
Dispensing 200.0 uL into A2 of Reagents reservoir on 5 at 1.0 speed
Aspirating 200.0 uL from A2 of Reagents reservoir on 5 at 1.0 speed
Dispensing 200.0 uL into A2 of Reagents reservoir on 5 at 1.0 speed
Aspirating 200.0 uL from A2 of Reagents reservoir on 5 at 1.0 speed
Dispensing 200.0 uL into A2 of Reagents reservoir on 5 at 1.0 speed
Dispensing 20.0 uL into A2 of Reagents reservoir on 5 at 1.0 speed
Blowing out at A2 of Reagents reservoir on 5
Dispensing 20.0 uL into A2 of Reagents reservoir on 5 at 1.0 speed
Transferring 144.0 from A2 of Reagents reservoir on 5 to A1 of Deep well on Magnetic Module on 6
	Aspirating 144.0 uL from A2 of Reagents reservoir on 5 at 1.0 speed
	Dispensing 144.0 uL into A1 of Deep well on Magnetic Module on 6 at 1.0 speed
Delaying for 0 minutes and 2 seconds
Dispensing 20.0 uL into A1 of Deep well on Magnetic Module on 6 at 1.0 speed
Aspirating 100.0 uL from A1 of Deep well on Magnetic Module on 6 at 1.0 speed
Dispensing 100.0 uL into A1 of Deep well on Magnetic Module on 6 at 1.0 speed
Aspirating 100.0 uL from A1 of Deep well on Magnetic Module on 6 at 1.0 speed
Dispensing 100.0 uL into A1 of Deep well on Magnetic Module on 6 at 1.0 speed
Aspirating 100.0 uL from A1 of Deep well on Magnetic Module on 6 at 1.0 speed
Dispensing 100.0 uL into A1 of Deep well on Magnetic Module on 6 at 1.0 speed
Aspirating 100.0 uL from A1 of Deep well on Magnetic Module on 6 at 1.0 speed
Dispensing 100.0 uL into A1 of Deep well on Magnetic Module on 6 at 1.0 speed
Dispensing 20.0 uL into A1 of Deep well on Magnetic Module on 6 at 1.0 speed
Dropping tip into A1 of Opentrons Fixed Trash on 12
Incubating for 5 minutes
Delaying for 5 minutes and 0 seconds
Engaging magnet and keeping this incubation going for other 5 minutes
Engaging Magnetic Module
Delaying for 5 minutes and 0 seconds


REMOVING STEP: Removing 396 ul of supernatant (beads and proteinase) while magnet is still engaged
Picking up tip from A10 of Opentrons 96 Tip Rack 300 µL on 2
Aspirating 20.0 uL from A10 of Opentrons 96 Tip Rack 300 µL on 2 at 1.0 speed
Dispensing 20.0 uL into A1 of Deep well on Magnetic Module on 6 at 1.0 speed
Transferring 200.0 from A1 of Deep well on Magnetic Module on 6 to A1 of Liquid waste reservoir on 9
	Aspirating 200.0 uL from A1 of Deep well on Magnetic Module on 6 at 1.0 speed
	Dispensing 200.0 uL into A1 of Liquid waste reservoir on 9 at 1.0 speed
Delaying for 0 minutes and 2 seconds
Blowing out
Dispensing 20.0 uL into A1 of Deep well on Magnetic Module on 6 at 1.0 speed
Transferring 196.0 from A1 of Deep well on Magnetic Module on 6 to A1 of Liquid waste reservoir on 9
	Aspirating 196.0 uL from A1 of Deep well on Magnetic Module on 6 at 1.0 speed
	Dispensing 196.0 uL into A1 of Liquid waste reservoir on 9 at 1.0 speed
Delaying for 0 minutes and 2 seconds
Dropping tip into A1 of Opentrons Fixed Trash on 12
Disengaging magnet
Disengaging Magnetic Module


ADDING STEP: Transfering 280 ul of WBE to samples
Picking up tip from A9 of Opentrons 96 Tip Rack 300 µL on 2
Aspirating 20.0 uL from A9 of Opentrons 96 Tip Rack 300 µL on 2 at 1.0 speed
Dispensing 20.0 uL into A3 of Reagents reservoir on 5 at 1.0 speed
Transferring 200.0 from A3 of Reagents reservoir on 5 to A1 of Deep well on Magnetic Module on 6
	Aspirating 200.0 uL from A3 of Reagents reservoir on 5 at 1.0 speed
	Dispensing 200.0 uL into A1 of Deep well on Magnetic Module on 6 at 1.0 speed
Delaying for 0 minutes and 2 seconds
Blowing out
Dispensing 20.0 uL into A3 of Reagents reservoir on 5 at 1.0 speed
Transferring 80.0 from A3 of Reagents reservoir on 5 to A1 of Deep well on Magnetic Module on 6
	Aspirating 80.0 uL from A3 of Reagents reservoir on 5 at 1.0 speed
	Dispensing 80.0 uL into A1 of Deep well on Magnetic Module on 6 at 1.0 speed
Delaying for 0 minutes and 2 seconds
Dispensing 20.0 uL into A1 of Deep well on Magnetic Module on 6 at 1.0 speed
Aspirating 100.0 uL from A1 of Deep well on Magnetic Module on 6 at 1.0 speed
Dispensing 100.0 uL into A1 of Deep well on Magnetic Module on 6 at 1.0 speed
Aspirating 100.0 uL from A1 of Deep well on Magnetic Module on 6 at 1.0 speed
Dispensing 100.0 uL into A1 of Deep well on Magnetic Module on 6 at 1.0 speed
Aspirating 100.0 uL from A1 of Deep well on Magnetic Module on 6 at 1.0 speed
Dispensing 100.0 uL into A1 of Deep well on Magnetic Module on 6 at 1.0 speed
Aspirating 100.0 uL from A1 of Deep well on Magnetic Module on 6 at 1.0 speed
Dispensing 100.0 uL into A1 of Deep well on Magnetic Module on 6 at 1.0 speed
Dispensing 20.0 uL into A1 of Deep well on Magnetic Module on 6 at 1.0 speed
Dropping tip into A1 of Opentrons Fixed Trash on 12
Engaging magnet
Engaging Magnetic Module
Incubating for 3 minutes
Delaying for 3 minutes and 0 seconds


REMOVING STEP: Removing 280 ul of supernatant (WBE) while magnet is still engaged
Picking up tip from A8 of Opentrons 96 Tip Rack 300 µL on 2
Aspirating 20.0 uL from A8 of Opentrons 96 Tip Rack 300 µL on 2 at 1.0 speed
Dispensing 20.0 uL into A1 of Deep well on Magnetic Module on 6 at 1.0 speed
Transferring 200.0 from A1 of Deep well on Magnetic Module on 6 to A2 of Liquid waste reservoir on 9
	Aspirating 200.0 uL from A1 of Deep well on Magnetic Module on 6 at 1.0 speed
	Dispensing 200.0 uL into A2 of Liquid waste reservoir on 9 at 1.0 speed
Delaying for 0 minutes and 2 seconds
Blowing out
Dispensing 20.0 uL into A1 of Deep well on Magnetic Module on 6 at 1.0 speed
Transferring 80.0 from A1 of Deep well on Magnetic Module on 6 to A2 of Liquid waste reservoir on 9
	Aspirating 80.0 uL from A1 of Deep well on Magnetic Module on 6 at 1.0 speed
	Dispensing 80.0 uL into A2 of Liquid waste reservoir on 9 at 1.0 speed
Delaying for 0 minutes and 2 seconds
Dropping tip into A1 of Opentrons Fixed Trash on 12
Disengaging magnet
Disengaging Magnetic Module


ADDING STEP: Transfering 280 ul of Ethanol 70% (First time) to samples
Picking up tip from A7 of Opentrons 96 Tip Rack 300 µL on 2
Aspirating 20.0 uL from A7 of Opentrons 96 Tip Rack 300 µL on 2 at 1.0 speed
Dispensing 20.0 uL into A4 of Reagents reservoir on 5 at 1.0 speed
Transferring 200.0 from A4 of Reagents reservoir on 5 to A1 of Deep well on Magnetic Module on 6
	Aspirating 200.0 uL from A4 of Reagents reservoir on 5 at 1.0 speed
	Dispensing 200.0 uL into A1 of Deep well on Magnetic Module on 6 at 1.0 speed
Delaying for 0 minutes and 2 seconds
Blowing out
Dispensing 20.0 uL into A4 of Reagents reservoir on 5 at 1.0 speed
Transferring 80.0 from A4 of Reagents reservoir on 5 to A1 of Deep well on Magnetic Module on 6
	Aspirating 80.0 uL from A4 of Reagents reservoir on 5 at 1.0 speed
	Dispensing 80.0 uL into A1 of Deep well on Magnetic Module on 6 at 1.0 speed
Delaying for 0 minutes and 2 seconds
Dispensing 20.0 uL into A1 of Deep well on Magnetic Module on 6 at 1.0 speed
Aspirating 100.0 uL from A1 of Deep well on Magnetic Module on 6 at 1.0 speed
Dispensing 100.0 uL into A1 of Deep well on Magnetic Module on 6 at 1.0 speed
Aspirating 100.0 uL from A1 of Deep well on Magnetic Module on 6 at 1.0 speed
Dispensing 100.0 uL into A1 of Deep well on Magnetic Module on 6 at 1.0 speed
Aspirating 100.0 uL from A1 of Deep well on Magnetic Module on 6 at 1.0 speed
Dispensing 100.0 uL into A1 of Deep well on Magnetic Module on 6 at 1.0 speed
Aspirating 100.0 uL from A1 of Deep well on Magnetic Module on 6 at 1.0 speed
Dispensing 100.0 uL into A1 of Deep well on Magnetic Module on 6 at 1.0 speed
Dispensing 20.0 uL into A1 of Deep well on Magnetic Module on 6 at 1.0 speed
Dropping tip into A1 of Opentrons Fixed Trash on 12
Engaging magnet
Engaging Magnetic Module
Incubating for 3 minutes
Delaying for 3 minutes and 0 seconds


REMOVING STEP: Removing 280 ul of supernatant (Ethanol 70% (First time)) while magnet is still engaged
Picking up tip from A6 of Opentrons 96 Tip Rack 300 µL on 2
Aspirating 20.0 uL from A6 of Opentrons 96 Tip Rack 300 µL on 2 at 1.0 speed
Dispensing 20.0 uL into A1 of Deep well on Magnetic Module on 6 at 1.0 speed
Transferring 200.0 from A1 of Deep well on Magnetic Module on 6 to A3 of Liquid waste reservoir on 9
	Aspirating 200.0 uL from A1 of Deep well on Magnetic Module on 6 at 1.0 speed
	Dispensing 200.0 uL into A3 of Liquid waste reservoir on 9 at 1.0 speed
Delaying for 0 minutes and 2 seconds
Blowing out
Dispensing 20.0 uL into A1 of Deep well on Magnetic Module on 6 at 1.0 speed
Transferring 80.0 from A1 of Deep well on Magnetic Module on 6 to A3 of Liquid waste reservoir on 9
	Aspirating 80.0 uL from A1 of Deep well on Magnetic Module on 6 at 1.0 speed
	Dispensing 80.0 uL into A3 of Liquid waste reservoir on 9 at 1.0 speed
Delaying for 0 minutes and 2 seconds
Dropping tip into A1 of Opentrons Fixed Trash on 12
Disengaging magnet
Disengaging Magnetic Module


ADDING STEP: Transfering 280 ul of Ethanol 70% (Second time) to samples
Picking up tip from A5 of Opentrons 96 Tip Rack 300 µL on 2
Aspirating 20.0 uL from A5 of Opentrons 96 Tip Rack 300 µL on 2 at 1.0 speed
Dispensing 20.0 uL into A4 of Reagents reservoir on 5 at 1.0 speed
Transferring 200.0 from A4 of Reagents reservoir on 5 to A1 of Deep well on Magnetic Module on 6
	Aspirating 200.0 uL from A4 of Reagents reservoir on 5 at 1.0 speed
	Dispensing 200.0 uL into A1 of Deep well on Magnetic Module on 6 at 1.0 speed
Delaying for 0 minutes and 2 seconds
Blowing out
Dispensing 20.0 uL into A4 of Reagents reservoir on 5 at 1.0 speed
Transferring 80.0 from A4 of Reagents reservoir on 5 to A1 of Deep well on Magnetic Module on 6
	Aspirating 80.0 uL from A4 of Reagents reservoir on 5 at 1.0 speed
	Dispensing 80.0 uL into A1 of Deep well on Magnetic Module on 6 at 1.0 speed
Delaying for 0 minutes and 2 seconds
Dispensing 20.0 uL into A1 of Deep well on Magnetic Module on 6 at 1.0 speed
Aspirating 100.0 uL from A1 of Deep well on Magnetic Module on 6 at 1.0 speed
Dispensing 100.0 uL into A1 of Deep well on Magnetic Module on 6 at 1.0 speed
Aspirating 100.0 uL from A1 of Deep well on Magnetic Module on 6 at 1.0 speed
Dispensing 100.0 uL into A1 of Deep well on Magnetic Module on 6 at 1.0 speed
Aspirating 100.0 uL from A1 of Deep well on Magnetic Module on 6 at 1.0 speed
Dispensing 100.0 uL into A1 of Deep well on Magnetic Module on 6 at 1.0 speed
Aspirating 100.0 uL from A1 of Deep well on Magnetic Module on 6 at 1.0 speed
Dispensing 100.0 uL into A1 of Deep well on Magnetic Module on 6 at 1.0 speed
Dispensing 20.0 uL into A1 of Deep well on Magnetic Module on 6 at 1.0 speed
Dropping tip into A1 of Opentrons Fixed Trash on 12
Engaging magnet
Engaging Magnetic Module
Incubating for 3 minutes
Delaying for 3 minutes and 0 seconds


REMOVING STEP: Removing 280 ul of supernatant (Ethanol 70% (Second time)) while magnet is still engaged
Picking up tip from A4 of Opentrons 96 Tip Rack 300 µL on 2
Aspirating 20.0 uL from A4 of Opentrons 96 Tip Rack 300 µL on 2 at 1.0 speed
Dispensing 20.0 uL into A1 of Deep well on Magnetic Module on 6 at 1.0 speed
Transferring 200.0 from A1 of Deep well on Magnetic Module on 6 to A4 of Liquid waste reservoir on 9
	Aspirating 200.0 uL from A1 of Deep well on Magnetic Module on 6 at 1.0 speed
	Dispensing 200.0 uL into A4 of Liquid waste reservoir on 9 at 1.0 speed
Delaying for 0 minutes and 2 seconds
Blowing out
Dispensing 20.0 uL into A1 of Deep well on Magnetic Module on 6 at 1.0 speed
Transferring 80.0 from A1 of Deep well on Magnetic Module on 6 to A4 of Liquid waste reservoir on 9
	Aspirating 80.0 uL from A1 of Deep well on Magnetic Module on 6 at 1.0 speed
	Dispensing 80.0 uL into A4 of Liquid waste reservoir on 9 at 1.0 speed
Delaying for 0 minutes and 2 seconds
Dropping tip into A1 of Opentrons Fixed Trash on 12
This time, I do not disengage the magnet and let the beads dry for 5 min
Delaying for 5 minutes and 0 seconds
Disengaging magnet
Disengaging Magnetic Module
Diluting samples in 80 ul of RNAse free water


ADDING STEP: Transfering 80 ul of RNAse-free water to samples
Picking up tip from A3 of Opentrons 96 Tip Rack 300 µL on 2
Aspirating 20.0 uL from A3 of Opentrons 96 Tip Rack 300 µL on 2 at 1.0 speed
Dispensing 20.0 uL into A5 of Reagents reservoir on 5 at 1.0 speed
Transferring 80.0 from A5 of Reagents reservoir on 5 to A1 of Deep well on Magnetic Module on 6
	Aspirating 80.0 uL from A5 of Reagents reservoir on 5 at 1.0 speed
	Dispensing 80.0 uL into A1 of Deep well on Magnetic Module on 6 at 1.0 speed
Delaying for 0 minutes and 2 seconds
Dispensing 20.0 uL into A1 of Deep well on Magnetic Module on 6 at 1.0 speed
Aspirating 30.0 uL from A1 of Deep well on Magnetic Module on 6 at 1.0 speed
Dispensing 30.0 uL into A1 of Deep well on Magnetic Module on 6 at 1.0 speed
Aspirating 30.0 uL from A1 of Deep well on Magnetic Module on 6 at 1.0 speed
Dispensing 30.0 uL into A1 of Deep well on Magnetic Module on 6 at 1.0 speed
Aspirating 30.0 uL from A1 of Deep well on Magnetic Module on 6 at 1.0 speed
Dispensing 30.0 uL into A1 of Deep well on Magnetic Module on 6 at 1.0 speed
Aspirating 30.0 uL from A1 of Deep well on Magnetic Module on 6 at 1.0 speed
Dispensing 30.0 uL into A1 of Deep well on Magnetic Module on 6 at 1.0 speed
Dispensing 20.0 uL into A1 of Deep well on Magnetic Module on 6 at 1.0 speed
Dropping tip into A1 of Opentrons Fixed Trash on 12
Engaging magnet
Engaging Magnetic Module
Incubating for 1 minutes
Delaying for 1 minutes and 0 seconds
Transfering DNA to output plate
Disengaging Magnetic Module
Picking up tip from A2 of Opentrons 96 Tip Rack 300 µL on 2
Aspirating 20.0 uL from A2 of Opentrons 96 Tip Rack 300 µL on 2 at 1.0 speed
Dispensing 20.0 uL into A1 of Deep well on Magnetic Module on 6 at 1.0 speed
Transferring 80.0 from A1 of Deep well on Magnetic Module on 6 to A1 of Output plate on 3
	Aspirating 80.0 uL from A1 of Deep well on Magnetic Module on 6 at 1.0 speed
	Dispensing 80.0 uL into A1 of Output plate on 3 at 1.0 speed
Delaying for 0 minutes and 2 seconds
Dispensing 20.0 uL into A1 of Output plate on 3 at 1.0 speed
Dropping tip into A1 of Opentrons Fixed Trash on 12


Fecho!
